/Library/Java/JavaVirtualMachines/jdk1.8.0_221.jdk/Contents/Home/bin/java -XX:TieredStopAtLevel=1 -noverify -Dspring.output.ansi.enabled=always -Dcom.sun.management.jmxremote -Dspring.jmx.enabled=true -Dspring.liveBeansView.mbeanDomain -Dspring.application.admin.enabled=true -javaagent:/Applications/IntelliJ IDEA.app/Contents/lib/idea_rt.jar=54610:/Applications/IntelliJ IDEA.app/Contents/bin -Dfile.encoding=UTF-8 -classpath /Library/Java/JavaVirtualMachines/jdk1.8.0_221.jdk/Contents/Home/jre/lib/charsets.jar:/Library/Java/JavaVirtualMachines/jdk1.8.0_221.jdk/Contents/Home/jre/lib/deploy.jar:/Library/Java/JavaVirtualMachines/jdk1.8.0_221.jdk/Contents/Home/jre/lib/ext/cldrdata.jar:/Library/Java/JavaVirtualMachines/jdk1.8.0_221.jdk/Contents/Home/jre/lib/ext/dnsns.jar:/Library/Java/JavaVirtualMachines/jdk1.8.0_221.jdk/Contents/Home/jre/lib/ext/jaccess.jar:/Library/Java/JavaVirtualMachines/jdk1.8.0_221.jdk/Contents/Home/jre/lib/ext/jfxrt.jar:/Library/Java/JavaVirtualMachines/jdk1.8.0_221.jdk/Contents/Home/jre/lib/ext/localedata.jar:/Library/Java/JavaVirtualMachines/jdk1.8.0_221.jdk/Contents/Home/jre/lib/ext/nashorn.jar:/Library/Java/JavaVirtualMachines/jdk1.8.0_221.jdk/Contents/Home/jre/lib/ext/sunec.jar:/Library/Java/JavaVirtualMachines/jdk1.8.0_221.jdk/Contents/Home/jre/lib/ext/sunjce_provider.jar:/Library/Java/JavaVirtualMachines/jdk1.8.0_221.jdk/Contents/Home/jre/lib/ext/sunpkcs11.jar:/Library/Java/JavaVirtualMachines/jdk1.8.0_221.jdk/Contents/Home/jre/lib/ext/zipfs.jar:/Library/Java/JavaVirtualMachines/jdk1.8.0_221.jdk/Contents/Home/jre/lib/javaws.jar:/Library/Java/JavaVirtualMachines/jdk1.8.0_221.jdk/Contents/Home/jre/lib/jce.jar:/Library/Java/JavaVirtualMachines/jdk1.8.0_221.jdk/Contents/Home/jre/lib/jfr.jar:/Library/Java/JavaVirtualMachines/jdk1.8.0_221.jdk/Contents/Home/jre/lib/jfxswt.jar:/Library/Java/JavaVirtualMachines/jdk1.8.0_221.jdk/Contents/Home/jre/lib/jsse.jar:/Library/Java/JavaVirtualMachines/jdk1.8.0_221.jdk/Contents/Home/jre/lib/management-agent.jar:/Library/Java/JavaVirtualMachines/jdk1.8.0_221.jdk/Contents/Home/jre/lib/plugin.jar:/Library/Java/JavaVirtualMachines/jdk1.8.0_221.jdk/Contents/Home/jre/lib/resources.jar:/Library/Java/JavaVirtualMachines/jdk1.8.0_221.jdk/Contents/Home/jre/lib/rt.jar:/Library/Java/JavaVirtualMachines/jdk1.8.0_221.jdk/Contents/Home/lib/ant-javafx.jar:/Library/Java/JavaVirtualMachines/jdk1.8.0_221.jdk/Contents/Home/lib/dt.jar:/Library/Java/JavaVirtualMachines/jdk1.8.0_221.jdk/Contents/Home/lib/javafx-mx.jar:/Library/Java/JavaVirtualMachines/jdk1.8.0_221.jdk/Contents/Home/lib/jconsole.jar:/Library/Java/JavaVirtualMachines/jdk1.8.0_221.jdk/Contents/Home/lib/packager.jar:/Library/Java/JavaVirtualMachines/jdk1.8.0_221.jdk/Contents/Home/lib/sa-jdi.jar:/Library/Java/JavaVirtualMachines/jdk1.8.0_221.jdk/Contents/Home/lib/tools.jar:/Users/alscott/Development/IntelliJ/Learning/AuditingXML/target/classes:/Users/alscott/.m2/repository/org/springframework/boot/spring-boot-starter-actuator/1.5.22.RELEASE/spring-boot-starter-actuator-1.5.22.RELEASE.jar:/Users/alscott/.m2/repository/org/springframework/boot/spring-boot-starter/1.5.22.RELEASE/spring-boot-starter-1.5.22.RELEASE.jar:/Users/alscott/.m2/repository/org/springframework/boot/spring-boot/1.5.22.RELEASE/spring-boot-1.5.22.RELEASE.jar:/Users/alscott/.m2/repository/org/springframework/boot/spring-boot-autoconfigure/1.5.22.RELEASE/spring-boot-autoconfigure-1.5.22.RELEASE.jar:/Users/alscott/.m2/repository/org/springframework/boot/spring-boot-starter-logging/1.5.22.RELEASE/spring-boot-starter-logging-1.5.22.RELEASE.jar:/Users/alscott/.m2/repository/ch/qos/logback/logback-classic/1.2.3.redhat-00001/logback-classic-1.2.3.redhat-00001.jar:/Users/alscott/.m2/repository/ch/qos/logback/logback-core/1.2.3.redhat-00001/logback-core-1.2.3.redhat-00001.jar:/Users/alscott/.m2/repository/org/slf4j/jcl-over-slf4j/1.7.22.redhat-2/jcl-over-slf4j-1.7.22.redhat-2.jar:/Users/alscott/.m2/repository/org/slf4j/jul-to-slf4j/1.7.22.redhat-2/jul-to-slf4j-1.7.22.redhat-2.jar:/Users/alscott/.m2/repository/org/slf4j/log4j-over-slf4j/1.7.22.redhat-2/log4j-over-slf4j-1.7.22.redhat-2.jar:/Users/alscott/.m2/repository/org/springframework/spring-core/4.3.25.RELEASE/spring-core-4.3.25.RELEASE.jar:/Users/alscott/.m2/repository/org/yaml/snakeyaml/1.23.0.redhat-00001/snakeyaml-1.23.0.redhat-00001.jar:/Users/alscott/.m2/repository/org/springframework/boot/spring-boot-actuator/1.5.22.RELEASE/spring-boot-actuator-1.5.22.RELEASE.jar:/Users/alscott/.m2/repository/org/springframework/spring-context/4.3.25.RELEASE/spring-context-4.3.25.RELEASE.jar:/Users/alscott/.m2/repository/org/springframework/boot/spring-boot-starter-web/1.5.22.RELEASE/spring-boot-starter-web-1.5.22.RELEASE.jar:/Users/alscott/.m2/repository/org/springframework/boot/spring-boot-starter-tomcat/1.5.22.RELEASE/spring-boot-starter-tomcat-1.5.22.RELEASE.jar:/Users/alscott/.m2/repository/org/apache/tomcat/embed/tomcat-embed-core/8.0.36.redhat-39/tomcat-embed-core-8.0.36.redhat-39.jar:/Users/alscott/.m2/repository/org/apache/tomcat/embed/tomcat-embed-el/8.0.36.redhat-39/tomcat-embed-el-8.0.36.redhat-39.jar:/Users/alscott/.m2/repository/org/apache/tomcat/embed/tomcat-embed-websocket/8.0.36.redhat-39/tomcat-embed-websocket-8.0.36.redhat-39.jar:/Users/alscott/.m2/repository/org/hibernate/hibernate-validator/5.3.5.Final-redhat-2/hibernate-validator-5.3.5.Final-redhat-2.jar:/Users/alscott/.m2/repository/javax/validation/validation-api/1.1.0.Final/validation-api-1.1.0.Final.jar:/Users/alscott/.m2/repository/org/jboss/logging/jboss-logging/3.3.2.Final/jboss-logging-3.3.2.Final.jar:/Users/alscott/.m2/repository/com/fasterxml/classmate/1.3.1/classmate-1.3.1.jar:/Users/alscott/.m2/repository/com/fasterxml/jackson/core/jackson-databind/2.8.11.4/jackson-databind-2.8.11.4.jar:/Users/alscott/.m2/repository/com/fasterxml/jackson/core/jackson-annotations/2.8.11/jackson-annotations-2.8.11.jar:/Users/alscott/.m2/repository/com/fasterxml/jackson/core/jackson-core/2.8.11/jackson-core-2.8.11.jar:/Users/alscott/.m2/repository/org/springframework/spring-web/4.3.25.RELEASE/spring-web-4.3.25.RELEASE.jar:/Users/alscott/.m2/repository/org/springframework/spring-aop/4.3.25.RELEASE/spring-aop-4.3.25.RELEASE.jar:/Users/alscott/.m2/repository/org/springframework/spring-beans/4.3.25.RELEASE/spring-beans-4.3.25.RELEASE.jar:/Users/alscott/.m2/repository/org/springframework/spring-webmvc/4.3.25.RELEASE/spring-webmvc-4.3.25.RELEASE.jar:/Users/alscott/.m2/repository/org/springframework/spring-expression/4.3.25.RELEASE/spring-expression-4.3.25.RELEASE.jar:/Users/alscott/.m2/repository/org/apache/camel/camel-spring-boot-starter/2.21.0.fuse-760027-redhat-00001/camel-spring-boot-starter-2.21.0.fuse-760027-redhat-00001.jar:/Users/alscott/.m2/repository/org/apache/camel/camel-spring-boot/2.21.0.fuse-760027-redhat-00001/camel-spring-boot-2.21.0.fuse-760027-redhat-00001.jar:/Users/alscott/.m2/repository/org/apache/camel/camel-spring/2.21.0.fuse-760027-redhat-00001/camel-spring-2.21.0.fuse-760027-redhat-00001.jar:/Users/alscott/.m2/repository/org/springframework/spring-tx/4.3.25.RELEASE/spring-tx-4.3.25.RELEASE.jar:/Users/alscott/.m2/repository/org/apache/camel/camel-core-starter/2.21.0.fuse-760027-redhat-00001/camel-core-starter-2.21.0.fuse-760027-redhat-00001.jar:/Users/alscott/.m2/repository/org/apache/camel/camel-hl7-starter/2.21.0.fuse-760027-redhat-00001/camel-hl7-starter-2.21.0.fuse-760027-redhat-00001.jar:/Users/alscott/.m2/repository/org/apache/camel/camel-hl7/2.21.0.fuse-760027-redhat-00001/camel-hl7-2.21.0.fuse-760027-redhat-00001.jar:/Users/alscott/.m2/repository/ca/uhn/hapi/hapi-base/2.3/hapi-base-2.3.jar:/Users/alscott/.m2/repository/joda-time/joda-time/2.1/joda-time-2.1.jar:/Users/alscott/.m2/repository/ca/uhn/hapi/hapi-structures-v21/2.3/hapi-structures-v21-2.3.jar:/Users/alscott/.m2/repository/ca/uhn/hapi/hapi-structures-v22/2.3/hapi-structures-v22-2.3.jar:/Users/alscott/.m2/repository/ca/uhn/hapi/hapi-structures-v23/2.3/hapi-structures-v23-2.3.jar:/Users/alscott/.m2/repository/ca/uhn/hapi/hapi-structures-v231/2.3/hapi-structures-v231-2.3.jar:/Users/alscott/.m2/repository/ca/uhn/hapi/hapi-structures-v24/2.3/hapi-structures-v24-2.3.jar:/Users/alscott/.m2/repository/ca/uhn/hapi/hapi-structures-v25/2.3/hapi-structures-v25-2.3.jar:/Users/alscott/.m2/repository/ca/uhn/hapi/hapi-structures-v251/2.3/hapi-structures-v251-2.3.jar:/Users/alscott/.m2/repository/ca/uhn/hapi/hapi-structures-v26/2.3/hapi-structures-v26-2.3.jar:/Users/alscott/.m2/repository/org/apache/camel/camel-netty4/2.21.0.fuse-760027-redhat-00001/camel-netty4-2.21.0.fuse-760027-redhat-00001.jar:/Users/alscott/.m2/repository/io/netty/netty-all/4.1.43.Final/netty-all-4.1.43.Final.jar:/Users/alscott/.m2/repository/commons-pool/commons-pool/1.6/commons-pool-1.6.jar:/Users/alscott/.m2/repository/org/apache/camel/camel-fhir-starter/2.21.0.fuse-760027-redhat-00001/camel-fhir-starter-2.21.0.fuse-760027-redhat-00001.jar:/Users/alscott/.m2/repository/org/apache/camel/camel-fhir/2.21.0.fuse-760027-redhat-00001/camel-fhir-2.21.0.fuse-760027-redhat-00001.jar:/Users/alscott/.m2/repository/ca/uhn/hapi/fhir/hapi-fhir-base/3.5.0/hapi-fhir-base-3.5.0.jar:/Users/alscott/.m2/repository/com/google/code/gson/gson/2.8.5/gson-2.8.5.jar:/Users/alscott/.m2/repository/org/apache/commons/commons-text/1.6.0.redhat-00001/commons-text-1.6.0.redhat-00001.jar:/Users/alscott/.m2/repository/commons-io/commons-io/2.5.0.redhat-3/commons-io-2.5.0.redhat-3.jar:/Users/alscott/.m2/repository/com/google/guava/guava/18.0/guava-18.0.jar:/Users/alscott/.m2/repository/ca/uhn/hapi/fhir/hapi-fhir-client/3.5.0/hapi-fhir-client-3.5.0.jar:/Users/alscott/.m2/repository/org/apache/httpcomponents/httpclient/4.5.5/httpclient-4.5.5.jar:/Users/alscott/.m2/repository/org/apache/httpcomponents/httpcore/4.4.9/httpcore-4.4.9.jar:/Users/alscott/.m2/repository/org/apache/camel/camel-fhir-api/2.21.0.fuse-760027-redhat-00001/camel-fhir-api-2.21.0.fuse-760027-redhat-00001.jar:/Users/alscott/.m2/repository/ca/uhn/hapi/fhir/hapi-fhir-structures-dstu3/3.5.0/hapi-fhir-structures-dstu3-3.5.0.jar:/Users/alscott/.m2/repository/ca/uhn/hapi/fhir/hapi-fhir-utilities/3.5.0/hapi-fhir-utilities-3.5.0.jar:/Users/alscott/.m2/repository/ca/uhn/hapi/fhir/hapi-fhir-structures-dstu2/3.5.0/hapi-fhir-structures-dstu2-3.5.0.jar:/Users/alscott/.m2/repository/org/apache/camel/camel-netty4-starter/2.21.0.fuse-760027-redhat-00001/camel-netty4-starter-2.21.0.fuse-760027-redhat-00001.jar:/Users/alscott/.m2/repository/org/slf4j/slf4j-api/1.7.22.redhat-2/slf4j-api-1.7.22.redhat-2.jar:/Users/alscott/.m2/repository/org/apache/camel/camel-kafka/2.23.2.fuse-760030-redhat-00001/camel-kafka-2.23.2.fuse-760030-redhat-00001.jar:/Users/alscott/.m2/repository/org/apache/camel/camel-core/2.21.0.fuse-760027-redhat-00001/camel-core-2.21.0.fuse-760027-redhat-00001.jar:/Users/alscott/.m2/repository/com/sun/xml/bind/jaxb-core/2.3.0/jaxb-core-2.3.0.jar:/Users/alscott/.m2/repository/com/sun/xml/bind/jaxb-impl/2.3.0/jaxb-impl-2.3.0.jar:/Users/alscott/.m2/repository/org/apache/kafka/kafka-clients/2.4.0.redhat-00005/kafka-clients-2.4.0.redhat-00005.jar:/Users/alscott/.m2/repository/com/github/luben/zstd-jni/1.4.3.1-redhat-00002/zstd-jni-1.4.3.1-redhat-00002.jar:/Users/alscott/.m2/repository/org/lz4/lz4-java/1.6.0.redhat-00001/lz4-java-1.6.0.redhat-00001.jar:/Users/alscott/.m2/repository/org/xerial/snappy/snappy-java/1.1.7.2-redhat-00002/snappy-java-1.1.7.2-redhat-00002.jar:/Users/alscott/.m2/repository/org/apache/camel/camel-jetty/2.21.0.fuse-760027-redhat-00001/camel-jetty-2.21.0.fuse-760027-redhat-00001.jar:/Users/alscott/.m2/repository/org/apache/camel/camel-jetty9/2.21.0.fuse-760027-redhat-00001/camel-jetty9-2.21.0.fuse-760027-redhat-00001.jar:/Users/alscott/.m2/repository/org/eclipse/jetty/jetty-server/9.4.25.v20191220/jetty-server-9.4.25.v20191220.jar:/Users/alscott/.m2/repository/org/eclipse/jetty/jetty-http/9.4.25.v20191220/jetty-http-9.4.25.v20191220.jar:/Users/alscott/.m2/repository/org/eclipse/jetty/jetty-io/9.4.25.v20191220/jetty-io-9.4.25.v20191220.jar:/Users/alscott/.m2/repository/org/eclipse/jetty/jetty-servlet/9.4.25.v20191220/jetty-servlet-9.4.25.v20191220.jar:/Users/alscott/.m2/repository/org/eclipse/jetty/jetty-security/9.4.25.v20191220/jetty-security-9.4.25.v20191220.jar:/Users/alscott/.m2/repository/org/eclipse/jetty/jetty-servlets/9.4.25.v20191220/jetty-servlets-9.4.25.v20191220.jar:/Users/alscott/.m2/repository/org/eclipse/jetty/jetty-continuation/9.4.25.v20191220/jetty-continuation-9.4.25.v20191220.jar:/Users/alscott/.m2/repository/org/eclipse/jetty/jetty-client/9.4.25.v20191220/jetty-client-9.4.25.v20191220.jar:/Users/alscott/.m2/repository/org/eclipse/jetty/jetty-jmx/9.4.25.v20191220/jetty-jmx-9.4.25.v20191220.jar:/Users/alscott/.m2/repository/org/eclipse/jetty/jetty-util/9.4.25.v20191220/jetty-util-9.4.25.v20191220.jar:/Users/alscott/.m2/repository/org/apache/camel/camel-jetty-common/2.21.0.fuse-760027-redhat-00001/camel-jetty-common-2.21.0.fuse-760027-redhat-00001.jar:/Users/alscott/.m2/repository/org/apache/camel/camel-jackson/2.21.0.fuse-760027-redhat-00001/camel-jackson-2.21.0.fuse-760027-redhat-00001.jar:/Users/alscott/.m2/repository/com/fasterxml/jackson/module/jackson-module-jaxb-annotations/2.8.11/jackson-module-jaxb-annotations-2.8.11.jar:/Users/alscott/.m2/repository/org/apache/camel/camel-servlet/2.21.0.fuse-760027-redhat-00001/camel-servlet-2.21.0.fuse-760027-redhat-00001.jar:/Users/alscott/.m2/repository/org/apache/camel/camel-http-common/2.21.0.fuse-760027-redhat-00001/camel-http-common-2.21.0.fuse-760027-redhat-00001.jar:/Users/alscott/.m2/repository/org/apache/camel/camel-http/2.21.0.fuse-760027-redhat-00001/camel-http-2.21.0.fuse-760027-redhat-00001.jar:/Users/alscott/.m2/repository/javax/servlet/javax.servlet-api/4.0.1/javax.servlet-api-4.0.1.jar:/Users/alscott/.m2/repository/commons-httpclient/commons-httpclient/3.1.0.redhat-8/commons-httpclient-3.1.0.redhat-8.jar:/Users/alscott/.m2/repository/commons-logging/commons-logging/1.2.0.redhat-3/commons-logging-1.2.0.redhat-3.jar:/Users/alscott/.m2/repository/commons-codec/commons-codec/1.13.0.redhat-00001/commons-codec-1.13.0.redhat-00001.jar:/Users/alscott/.m2/repository/org/apache/camel/camel-pdf/2.21.0.fuse-760027-redhat-00001/camel-pdf-2.21.0.fuse-760027-redhat-00001.jar:/Users/alscott/.m2/repository/org/apache/commons/commons-lang3/3.9.0.redhat-00001/commons-lang3-3.9.0.redhat-00001.jar:/Users/alscott/.m2/repository/org/apache/pdfbox/pdfbox/2.0.11/pdfbox-2.0.11.jar:/Users/alscott/.m2/repository/org/apache/pdfbox/fontbox/2.0.11/fontbox-2.0.11.jar:/Users/alscott/.m2/repository/org/bouncycastle/bcprov-jdk15on/1.60/bcprov-jdk15on-1.60.jar:/Users/alscott/.m2/repository/org/bouncycastle/bcmail-jdk15on/1.60/bcmail-jdk15on-1.60.jar:/Users/alscott/.m2/repository/org/bouncycastle/bcpkix-jdk15on/1.60/bcpkix-jdk15on-1.60.jar test.Application

  .   ____          _            __ _ _
 /\\ / ___'_ __ _ _(_)_ __  __ _ \ \ \ \
( ( )\___ | '_ | '_| | '_ \/ _` | \ \ \ \
 \\/  ___)| |_)| | | | | || (_| |  ) ) ) )
  '  |____| .__|_| |_|_| |_\__, | / / / /
 =========|_|==============|___/=/_/_/_/
 :: Spring Boot ::       (v1.5.22.RELEASE)

2020-05-13 20:57:16.044  INFO 24438 --- [           main] test.Application                         : Starting Application on MacBook-Pro with PID 24438 (/Users/alscott/Development/IntelliJ/Learning/AuditingXML/target/classes started by alscott in /Users/alscott/Development/IntelliJ/Learning/AuditingXML)
2020-05-13 20:57:16.046  INFO 24438 --- [           main] test.Application                         : No active profile set, falling back to default profiles: default
2020-05-13 20:57:16.087  INFO 24438 --- [           main] ationConfigEmbeddedWebApplicationContext : Refreshing org.springframework.boot.context.embedded.AnnotationConfigEmbeddedWebApplicationContext@3bd40a57: startup date [Wed May 13 20:57:16 CDT 2020]; root of context hierarchy
2020-05-13 20:57:17.112  INFO 24438 --- [           main] trationDelegate$BeanPostProcessorChecker : Bean 'org.apache.camel.spring.boot.CamelAutoConfiguration' of type [org.apache.camel.spring.boot.CamelAutoConfiguration$$EnhancerBySpringCGLIB$$4701a5bd] is not eligible for getting processed by all BeanPostProcessors (for example: not eligible for auto-proxying)
2020-05-13 20:57:17.424  INFO 24438 --- [           main] s.b.c.e.t.TomcatEmbeddedServletContainer : Tomcat initialized with port(s): 8080 (http)
2020-05-13 20:57:17.448  INFO 24438 --- [           main] o.apache.catalina.core.StandardService   : Starting service Tomcat
2020-05-13 20:57:17.448  INFO 24438 --- [           main] org.apache.catalina.core.StandardEngine  : Starting Servlet Engine: Apache Tomcat/8.0.36
2020-05-13 20:57:17.539  INFO 24438 --- [ost-startStop-1] o.a.c.c.C.[Tomcat].[localhost].[/]       : Initializing Spring embedded WebApplicationContext
2020-05-13 20:57:17.539  INFO 24438 --- [ost-startStop-1] o.s.web.context.ContextLoader            : Root WebApplicationContext: initialization completed in 1454 ms
2020-05-13 20:57:17.730  INFO 24438 --- [ost-startStop-1] o.s.b.w.servlet.ServletRegistrationBean  : Mapping servlet: 'CamelServlet' to [/camel/*]
2020-05-13 20:57:17.731  INFO 24438 --- [ost-startStop-1] o.s.b.w.servlet.ServletRegistrationBean  : Mapping servlet: 'dispatcherServlet' to [/]
2020-05-13 20:57:17.733  INFO 24438 --- [ost-startStop-1] o.s.b.w.servlet.FilterRegistrationBean   : Mapping filter: 'metricsFilter' to: [/*]
2020-05-13 20:57:17.733  INFO 24438 --- [ost-startStop-1] o.s.b.w.servlet.FilterRegistrationBean   : Mapping filter: 'characterEncodingFilter' to: [/*]
2020-05-13 20:57:17.733  INFO 24438 --- [ost-startStop-1] o.s.b.w.servlet.FilterRegistrationBean   : Mapping filter: 'hiddenHttpMethodFilter' to: [/*]
2020-05-13 20:57:17.734  INFO 24438 --- [ost-startStop-1] o.s.b.w.servlet.FilterRegistrationBean   : Mapping filter: 'httpPutFormContentFilter' to: [/*]
2020-05-13 20:57:17.734  INFO 24438 --- [ost-startStop-1] o.s.b.w.servlet.FilterRegistrationBean   : Mapping filter: 'requestContextFilter' to: [/*]
2020-05-13 20:57:17.734  INFO 24438 --- [ost-startStop-1] o.s.b.w.servlet.FilterRegistrationBean   : Mapping filter: 'webRequestLoggingFilter' to: [/*]
2020-05-13 20:57:17.734  INFO 24438 --- [ost-startStop-1] o.s.b.w.servlet.FilterRegistrationBean   : Mapping filter: 'applicationContextIdFilter' to: [/*]
2020-05-13 20:57:17.764  INFO 24438 --- [           main] ca.uhn.hl7v2.util.Home                   : hapi.home is set to /Users/alscott/Development/IntelliJ/Learning/AuditingXML/.
2020-05-13 20:57:17.775  INFO 24438 --- [           main] ca.uhn.hl7v2.VersionLogger               : HAPI version is: 2.3
2020-05-13 20:57:17.777  INFO 24438 --- [           main] ca.uhn.hl7v2.VersionLogger               : Default Structure libraries found for HL7 versions 2.1, 2.2, 2.3, 2.3.1, 2.4, 2.5, 2.5.1, 2.6, 
2020-05-13 20:57:18.238  INFO 24438 --- [           main] s.w.s.m.m.a.RequestMappingHandlerAdapter : Looking for @ControllerAdvice: org.springframework.boot.context.embedded.AnnotationConfigEmbeddedWebApplicationContext@3bd40a57: startup date [Wed May 13 20:57:16 CDT 2020]; root of context hierarchy
2020-05-13 20:57:18.275  INFO 24438 --- [           main] s.w.s.m.m.a.RequestMappingHandlerMapping : Mapped "{[/error]}" onto public org.springframework.http.ResponseEntity<java.util.Map<java.lang.String, java.lang.Object>> org.springframework.boot.autoconfigure.web.BasicErrorController.error(javax.servlet.http.HttpServletRequest)
2020-05-13 20:57:18.276  INFO 24438 --- [           main] s.w.s.m.m.a.RequestMappingHandlerMapping : Mapped "{[/error],produces=[text/html]}" onto public org.springframework.web.servlet.ModelAndView org.springframework.boot.autoconfigure.web.BasicErrorController.errorHtml(javax.servlet.http.HttpServletRequest,javax.servlet.http.HttpServletResponse)
2020-05-13 20:57:18.302  INFO 24438 --- [           main] o.s.w.s.handler.SimpleUrlHandlerMapping  : Mapped URL path [/webjars/**] onto handler of type [class org.springframework.web.servlet.resource.ResourceHttpRequestHandler]
2020-05-13 20:57:18.302  INFO 24438 --- [           main] o.s.w.s.handler.SimpleUrlHandlerMapping  : Mapped URL path [/**] onto handler of type [class org.springframework.web.servlet.resource.ResourceHttpRequestHandler]
2020-05-13 20:57:18.329  INFO 24438 --- [           main] o.s.w.s.handler.SimpleUrlHandlerMapping  : Mapped URL path [/**/favicon.ico] onto handler of type [class org.springframework.web.servlet.resource.ResourceHttpRequestHandler]
2020-05-13 20:57:18.721  INFO 24438 --- [           main] o.a.c.i.converter.DefaultTypeConverter   : Type converters loaded (core: 194, classpath: 2676)
2020-05-13 20:57:19.338  INFO 24438 --- [           main] o.s.b.a.e.mvc.EndpointHandlerMapping     : Mapped "{[/autoconfig || /autoconfig.json],methods=[GET],produces=[application/vnd.spring-boot.actuator.v1+json || application/json]}" onto public java.lang.Object org.springframework.boot.actuate.endpoint.mvc.EndpointMvcAdapter.invoke()
2020-05-13 20:57:19.339  INFO 24438 --- [           main] o.s.b.a.e.mvc.EndpointHandlerMapping     : Mapped "{[/env/{name:.*}],methods=[GET],produces=[application/vnd.spring-boot.actuator.v1+json || application/json]}" onto public java.lang.Object org.springframework.boot.actuate.endpoint.mvc.EnvironmentMvcEndpoint.value(java.lang.String)
2020-05-13 20:57:19.339  INFO 24438 --- [           main] o.s.b.a.e.mvc.EndpointHandlerMapping     : Mapped "{[/env || /env.json],methods=[GET],produces=[application/vnd.spring-boot.actuator.v1+json || application/json]}" onto public java.lang.Object org.springframework.boot.actuate.endpoint.mvc.EndpointMvcAdapter.invoke()
2020-05-13 20:57:19.339  INFO 24438 --- [           main] o.s.b.a.e.mvc.EndpointHandlerMapping     : Mapped "{[/metrics/{name:.*}],methods=[GET],produces=[application/vnd.spring-boot.actuator.v1+json || application/json]}" onto public java.lang.Object org.springframework.boot.actuate.endpoint.mvc.MetricsMvcEndpoint.value(java.lang.String)
2020-05-13 20:57:19.339  INFO 24438 --- [           main] o.s.b.a.e.mvc.EndpointHandlerMapping     : Mapped "{[/metrics || /metrics.json],methods=[GET],produces=[application/vnd.spring-boot.actuator.v1+json || application/json]}" onto public java.lang.Object org.springframework.boot.actuate.endpoint.mvc.EndpointMvcAdapter.invoke()
2020-05-13 20:57:19.341  INFO 24438 --- [           main] o.s.b.a.e.mvc.EndpointHandlerMapping     : Mapped "{[/camel/health/check/{id}/invoke],methods=[GET],produces=[application/vnd.spring-boot.actuator.v1+json || application/json]}" onto public java.lang.Object org.apache.camel.spring.boot.actuate.endpoint.CamelHealthCheckMvcEndpoint.invoke(java.lang.String,java.util.Map<java.lang.String, java.lang.Object>)
2020-05-13 20:57:19.342  INFO 24438 --- [           main] o.s.b.a.e.mvc.EndpointHandlerMapping     : Mapped "{[/camel/health/check/{id}],methods=[GET],produces=[application/vnd.spring-boot.actuator.v1+json || application/json]}" onto public java.lang.Object org.apache.camel.spring.boot.actuate.endpoint.CamelHealthCheckMvcEndpoint.query(java.lang.String,java.util.Map<java.lang.String, java.lang.Object>)
2020-05-13 20:57:19.342  INFO 24438 --- [           main] o.s.b.a.e.mvc.EndpointHandlerMapping     : Mapped "{[/camel/health/check || /camel/health/check.json],methods=[GET],produces=[application/vnd.spring-boot.actuator.v1+json || application/json]}" onto public java.lang.Object org.springframework.boot.actuate.endpoint.mvc.EndpointMvcAdapter.invoke()
2020-05-13 20:57:19.343  INFO 24438 --- [           main] o.s.b.a.e.mvc.EndpointHandlerMapping     : Mapped "{[/heapdump || /heapdump.json],methods=[GET],produces=[application/octet-stream]}" onto public void org.springframework.boot.actuate.endpoint.mvc.HeapdumpMvcEndpoint.invoke(boolean,javax.servlet.http.HttpServletRequest,javax.servlet.http.HttpServletResponse) throws java.io.IOException,javax.servlet.ServletException
2020-05-13 20:57:19.344  INFO 24438 --- [           main] o.s.b.a.e.mvc.EndpointHandlerMapping     : Mapped "{[/loggers/{name:.*}],methods=[GET],produces=[application/vnd.spring-boot.actuator.v1+json || application/json]}" onto public java.lang.Object org.springframework.boot.actuate.endpoint.mvc.LoggersMvcEndpoint.get(java.lang.String)
2020-05-13 20:57:19.345  INFO 24438 --- [           main] o.s.b.a.e.mvc.EndpointHandlerMapping     : Mapped "{[/loggers/{name:.*}],methods=[POST],consumes=[application/vnd.spring-boot.actuator.v1+json || application/json],produces=[application/vnd.spring-boot.actuator.v1+json || application/json]}" onto public java.lang.Object org.springframework.boot.actuate.endpoint.mvc.LoggersMvcEndpoint.set(java.lang.String,java.util.Map<java.lang.String, java.lang.String>)
2020-05-13 20:57:19.345  INFO 24438 --- [           main] o.s.b.a.e.mvc.EndpointHandlerMapping     : Mapped "{[/loggers || /loggers.json],methods=[GET],produces=[application/vnd.spring-boot.actuator.v1+json || application/json]}" onto public java.lang.Object org.springframework.boot.actuate.endpoint.mvc.EndpointMvcAdapter.invoke()
2020-05-13 20:57:19.345  INFO 24438 --- [           main] o.s.b.a.e.mvc.EndpointHandlerMapping     : Mapped "{[/mappings || /mappings.json],methods=[GET],produces=[application/vnd.spring-boot.actuator.v1+json || application/json]}" onto public java.lang.Object org.springframework.boot.actuate.endpoint.mvc.EndpointMvcAdapter.invoke()
2020-05-13 20:57:19.346  INFO 24438 --- [           main] o.s.b.a.e.mvc.EndpointHandlerMapping     : Mapped "{[/configprops || /configprops.json],methods=[GET],produces=[application/vnd.spring-boot.actuator.v1+json || application/json]}" onto public java.lang.Object org.springframework.boot.actuate.endpoint.mvc.EndpointMvcAdapter.invoke()
2020-05-13 20:57:19.348  INFO 24438 --- [           main] o.s.b.a.e.mvc.EndpointHandlerMapping     : Mapped "{[/camel/routes/{id}/start],methods=[POST],produces=[application/vnd.spring-boot.actuator.v1+json || application/json]}" onto public java.lang.Object org.apache.camel.spring.boot.actuate.endpoint.CamelRoutesMvcEndpoint.start(java.lang.String)
2020-05-13 20:57:19.348  INFO 24438 --- [           main] o.s.b.a.e.mvc.EndpointHandlerMapping     : Mapped "{[/camel/routes/{id}/stop],methods=[POST],produces=[application/vnd.spring-boot.actuator.v1+json || application/json]}" onto public java.lang.Object org.apache.camel.spring.boot.actuate.endpoint.CamelRoutesMvcEndpoint.stop(java.lang.String,java.lang.Long,java.lang.Boolean)
2020-05-13 20:57:19.348  INFO 24438 --- [           main] o.s.b.a.e.mvc.EndpointHandlerMapping     : Mapped "{[/camel/routes/{id}/suspend],methods=[POST],produces=[application/vnd.spring-boot.actuator.v1+json || application/json]}" onto public java.lang.Object org.apache.camel.spring.boot.actuate.endpoint.CamelRoutesMvcEndpoint.suspend(java.lang.String,java.lang.Long)
2020-05-13 20:57:19.349  INFO 24438 --- [           main] o.s.b.a.e.mvc.EndpointHandlerMapping     : Mapped "{[/camel/routes/{id}/resume],methods=[POST],produces=[application/vnd.spring-boot.actuator.v1+json || application/json]}" onto public java.lang.Object org.apache.camel.spring.boot.actuate.endpoint.CamelRoutesMvcEndpoint.resume(java.lang.String)
2020-05-13 20:57:19.349  INFO 24438 --- [           main] o.s.b.a.e.mvc.EndpointHandlerMapping     : Mapped "{[/camel/routes/{id}/reset],methods=[POST],produces=[application/vnd.spring-boot.actuator.v1+json || application/json]}" onto public java.lang.Object org.apache.camel.spring.boot.actuate.endpoint.CamelRoutesMvcEndpoint.reset(java.lang.String)
2020-05-13 20:57:19.349  INFO 24438 --- [           main] o.s.b.a.e.mvc.EndpointHandlerMapping     : Mapped "{[/camel/routes/{id}/info],methods=[GET],produces=[application/vnd.spring-boot.actuator.v1+json || application/json]}" onto public java.lang.Object org.apache.camel.spring.boot.actuate.endpoint.CamelRoutesMvcEndpoint.info(java.lang.String)
2020-05-13 20:57:19.349  INFO 24438 --- [           main] o.s.b.a.e.mvc.EndpointHandlerMapping     : Mapped "{[/camel/routes/{id}/detail],methods=[GET],produces=[application/vnd.spring-boot.actuator.v1+json || application/json]}" onto public java.lang.Object org.apache.camel.spring.boot.actuate.endpoint.CamelRoutesMvcEndpoint.detail(java.lang.String)
2020-05-13 20:57:19.349  INFO 24438 --- [           main] o.s.b.a.e.mvc.EndpointHandlerMapping     : Mapped "{[/camel/routes || /camel/routes.json],methods=[GET],produces=[application/vnd.spring-boot.actuator.v1+json || application/json]}" onto public java.lang.Object org.springframework.boot.actuate.endpoint.mvc.EndpointMvcAdapter.invoke()
2020-05-13 20:57:19.350  INFO 24438 --- [           main] o.s.b.a.e.mvc.EndpointHandlerMapping     : Mapped "{[/health || /health.json],methods=[GET],produces=[application/vnd.spring-boot.actuator.v1+json || application/json]}" onto public java.lang.Object org.springframework.boot.actuate.endpoint.mvc.HealthMvcEndpoint.invoke(javax.servlet.http.HttpServletRequest,java.security.Principal)
2020-05-13 20:57:19.350  INFO 24438 --- [           main] o.s.b.a.e.mvc.EndpointHandlerMapping     : Mapped "{[/beans || /beans.json],methods=[GET],produces=[application/vnd.spring-boot.actuator.v1+json || application/json]}" onto public java.lang.Object org.springframework.boot.actuate.endpoint.mvc.EndpointMvcAdapter.invoke()
2020-05-13 20:57:19.350  INFO 24438 --- [           main] o.s.b.a.e.mvc.EndpointHandlerMapping     : Mapped "{[/info || /info.json],methods=[GET],produces=[application/vnd.spring-boot.actuator.v1+json || application/json]}" onto public java.lang.Object org.springframework.boot.actuate.endpoint.mvc.EndpointMvcAdapter.invoke()
2020-05-13 20:57:19.351  INFO 24438 --- [           main] o.s.b.a.e.mvc.EndpointHandlerMapping     : Mapped "{[/trace || /trace.json],methods=[GET],produces=[application/vnd.spring-boot.actuator.v1+json || application/json]}" onto public java.lang.Object org.springframework.boot.actuate.endpoint.mvc.EndpointMvcAdapter.invoke()
2020-05-13 20:57:19.351  INFO 24438 --- [           main] o.s.b.a.e.mvc.EndpointHandlerMapping     : Mapped "{[/auditevents || /auditevents.json],methods=[GET],produces=[application/vnd.spring-boot.actuator.v1+json || application/json]}" onto public org.springframework.http.ResponseEntity<?> org.springframework.boot.actuate.endpoint.mvc.AuditEventsMvcEndpoint.findByPrincipalAndAfterAndType(java.lang.String,java.util.Date,java.lang.String)
2020-05-13 20:57:19.352  INFO 24438 --- [           main] o.s.b.a.e.mvc.EndpointHandlerMapping     : Mapped "{[/dump || /dump.json],methods=[GET],produces=[application/vnd.spring-boot.actuator.v1+json || application/json]}" onto public java.lang.Object org.springframework.boot.actuate.endpoint.mvc.EndpointMvcAdapter.invoke()
2020-05-13 20:57:19.352  INFO 24438 --- [           main] o.s.b.a.e.mvc.EndpointHandlerMapping     : Mapped "{[/camel/route-controller || /camel/route-controller.json],methods=[GET],produces=[application/vnd.spring-boot.actuator.v1+json || application/json]}" onto public java.lang.Object org.springframework.boot.actuate.endpoint.mvc.EndpointMvcAdapter.invoke()
2020-05-13 20:57:19.492  INFO 24438 --- [           main] o.s.j.e.a.AnnotationMBeanExporter        : Registering beans for JMX exposure on startup
2020-05-13 20:57:19.502  INFO 24438 --- [           main] o.s.c.support.DefaultLifecycleProcessor  : Starting beans in phase 0
2020-05-13 20:57:19.571  INFO 24438 --- [           main] o.a.camel.spring.boot.RoutesCollector    : Loading additional Camel XML routes from: classpath:camel/*.xml
2020-05-13 20:57:19.572  INFO 24438 --- [           main] o.a.camel.spring.boot.RoutesCollector    : Loading additional Camel XML rests from: classpath:camel-rest/*.xml
2020-05-13 20:57:19.582  INFO 24438 --- [           main] o.a.camel.spring.SpringCamelContext      : Apache Camel 2.21.0.fuse-760027-redhat-00001 (CamelContext: camel-1) is starting
2020-05-13 20:57:19.583  INFO 24438 --- [           main] o.a.c.m.ManagedManagementStrategy        : JMX is enabled
2020-05-13 20:57:19.832  INFO 24438 --- [           main] o.a.camel.spring.SpringCamelContext      : StreamCaching is not in use. If using streams then its recommended to enable stream caching. See more details at http://camel.apache.org/stream-caching.html
2020-05-13 20:57:19.942  INFO 24438 --- [           main] o.a.k.clients.producer.ProducerConfig    : ProducerConfig values: 
	acks = 1
	batch.size = 16384
	bootstrap.servers = [localhost:9092]
	buffer.memory = 33554432
	client.dns.lookup = default
	client.id = 
	compression.type = none
	connections.max.idle.ms = 540000
	delivery.timeout.ms = 120000
	enable.idempotence = false
	interceptor.classes = []
	key.serializer = class org.apache.kafka.common.serialization.StringSerializer
	linger.ms = 0
	max.block.ms = 60000
	max.in.flight.requests.per.connection = 5
	max.request.size = 1048576
	metadata.max.age.ms = 300000
	metric.reporters = []
	metrics.num.samples = 2
	metrics.recording.level = INFO
	metrics.sample.window.ms = 30000
	partitioner.class = class org.apache.kafka.clients.producer.internals.DefaultPartitioner
	receive.buffer.bytes = 65536
	reconnect.backoff.max.ms = 1000
	reconnect.backoff.ms = 50
	request.timeout.ms = 305000
	retries = 0
	retry.backoff.ms = 100
	sasl.client.callback.handler.class = null
	sasl.jaas.config = null
	sasl.kerberos.kinit.cmd = /usr/bin/kinit
	sasl.kerberos.min.time.before.relogin = 60000
	sasl.kerberos.service.name = null
	sasl.kerberos.ticket.renew.jitter = 0.05
	sasl.kerberos.ticket.renew.window.factor = 0.8
	sasl.login.callback.handler.class = null
	sasl.login.class = null
	sasl.login.refresh.buffer.seconds = 300
	sasl.login.refresh.min.period.seconds = 60
	sasl.login.refresh.window.factor = 0.8
	sasl.login.refresh.window.jitter = 0.05
	sasl.mechanism = GSSAPI
	security.protocol = PLAINTEXT
	security.providers = null
	send.buffer.bytes = 131072
	ssl.cipher.suites = null
	ssl.enabled.protocols = [TLSv1.2, TLSv1.1, TLSv1]
	ssl.endpoint.identification.algorithm = https
	ssl.key.password = null
	ssl.keymanager.algorithm = SunX509
	ssl.keystore.location = null
	ssl.keystore.password = null
	ssl.keystore.type = JKS
	ssl.protocol = TLS
	ssl.provider = null
	ssl.secure.random.implementation = null
	ssl.trustmanager.algorithm = PKIX
	ssl.truststore.location = null
	ssl.truststore.password = null
	ssl.truststore.type = JKS
	transaction.timeout.ms = 60000
	transactional.id = null
	value.serializer = class org.apache.kafka.common.serialization.StringSerializer

2020-05-13 20:57:19.950  WARN 24438 --- [           main] o.a.k.clients.producer.KafkaProducer     : [Producer clientId=producer-1] delivery.timeout.ms should be equal to or larger than linger.ms + request.timeout.ms. Setting it to 305000.
2020-05-13 20:57:19.982  INFO 24438 --- [           main] o.a.kafka.common.utils.AppInfoParser     : Kafka version: 2.4.0.redhat-00005
2020-05-13 20:57:19.982  INFO 24438 --- [           main] o.a.kafka.common.utils.AppInfoParser     : Kafka commitId: bc61f1c575849a1e
2020-05-13 20:57:19.982  INFO 24438 --- [           main] o.a.kafka.common.utils.AppInfoParser     : Kafka startTimeMs: 1589421439981
2020-05-13 20:57:19.985  INFO 24438 --- [           main] o.a.camel.spring.SpringCamelContext      : Route: route1 started and consuming from: direct://auditing
2020-05-13 20:57:19.986  INFO 24438 --- [           main] o.a.camel.spring.SpringCamelContext      : Route: route2 started and consuming from: direct://logging
2020-05-13 20:57:20.012  INFO 24438 --- [           main] c.n.SingleTCPNettyServerBootstrapFactory : ServerBootstrap binding to 0.0.0.0:10001
2020-05-13 20:57:20.078  INFO 24438 --- [           main] o.a.c.component.netty4.NettyConsumer     : Netty consumer bound to: 0.0.0.0:10001
2020-05-13 20:57:20.078  INFO 24438 --- [           main] o.a.camel.spring.SpringCamelContext      : Route: hl7Admissions started and consuming from: tcp://0.0.0.0:10001
2020-05-13 20:57:20.080  INFO 24438 --- [           main] o.a.camel.spring.SpringCamelContext      : Route: FHIRCondition started and consuming from: servlet:/condition
2020-05-13 20:57:20.081  INFO 24438 --- [           main] o.a.camel.component.kafka.KafkaConsumer  : Starting Kafka consumer on topic: opsMgmt_PlatformTransactions with breakOnFirstError: false
2020-05-13 20:57:20.089  INFO 24438 --- [           main] o.a.k.clients.consumer.ConsumerConfig    : ConsumerConfig values: 
	allow.auto.create.topics = true
	auto.commit.interval.ms = 5000
	auto.offset.reset = latest
	bootstrap.servers = [localhost:9092]
	check.crcs = true
	client.dns.lookup = default
	client.id = 
	client.rack = 
	connections.max.idle.ms = 540000
	default.api.timeout.ms = 60000
	enable.auto.commit = true
	exclude.internal.topics = true
	fetch.max.bytes = 52428800
	fetch.max.wait.ms = 500
	fetch.min.bytes = 1
	group.id = 9b207cdd-c166-42eb-bda1-f57f80ecbb70
	group.instance.id = null
	heartbeat.interval.ms = 3000
	interceptor.classes = []
	internal.leave.group.on.close = true
	isolation.level = read_uncommitted
	key.deserializer = class org.apache.kafka.common.serialization.StringDeserializer
	max.partition.fetch.bytes = 1048576
	max.poll.interval.ms = 300000
	max.poll.records = 500
	metadata.max.age.ms = 300000
	metric.reporters = []
	metrics.num.samples = 2
	metrics.recording.level = INFO
	metrics.sample.window.ms = 30000
	partition.assignment.strategy = [org.apache.kafka.clients.consumer.RangeAssignor]
	receive.buffer.bytes = 65536
	reconnect.backoff.max.ms = 1000
	reconnect.backoff.ms = 50
	request.timeout.ms = 40000
	retry.backoff.ms = 100
	sasl.client.callback.handler.class = null
	sasl.jaas.config = null
	sasl.kerberos.kinit.cmd = /usr/bin/kinit
	sasl.kerberos.min.time.before.relogin = 60000
	sasl.kerberos.service.name = null
	sasl.kerberos.ticket.renew.jitter = 0.05
	sasl.kerberos.ticket.renew.window.factor = 0.8
	sasl.login.callback.handler.class = null
	sasl.login.class = null
	sasl.login.refresh.buffer.seconds = 300
	sasl.login.refresh.min.period.seconds = 60
	sasl.login.refresh.window.factor = 0.8
	sasl.login.refresh.window.jitter = 0.05
	sasl.mechanism = GSSAPI
	security.protocol = PLAINTEXT
	security.providers = null
	send.buffer.bytes = 131072
	session.timeout.ms = 10000
	ssl.cipher.suites = null
	ssl.enabled.protocols = [TLSv1.2, TLSv1.1, TLSv1]
	ssl.endpoint.identification.algorithm = https
	ssl.key.password = null
	ssl.keymanager.algorithm = SunX509
	ssl.keystore.location = null
	ssl.keystore.password = null
	ssl.keystore.type = JKS
	ssl.protocol = TLS
	ssl.provider = null
	ssl.secure.random.implementation = null
	ssl.trustmanager.algorithm = PKIX
	ssl.truststore.location = null
	ssl.truststore.password = null
	ssl.truststore.type = JKS
	value.deserializer = class org.apache.kafka.common.serialization.StringDeserializer

2020-05-13 20:57:20.115  INFO 24438 --- [           main] o.a.kafka.common.utils.AppInfoParser     : Kafka version: 2.4.0.redhat-00005
2020-05-13 20:57:20.116  INFO 24438 --- [           main] o.a.kafka.common.utils.AppInfoParser     : Kafka commitId: bc61f1c575849a1e
2020-05-13 20:57:20.116  INFO 24438 --- [           main] o.a.kafka.common.utils.AppInfoParser     : Kafka startTimeMs: 1589421440115
2020-05-13 20:57:20.117  INFO 24438 --- [rmTransactions]] o.a.camel.component.kafka.KafkaConsumer  : Subscribing opsMgmt_PlatformTransactions-Thread 0 to topic opsMgmt_PlatformTransactions
2020-05-13 20:57:20.117  INFO 24438 --- [           main] o.a.camel.spring.SpringCamelContext      : Route: audit started and consuming from: kafka://localhost:9092?brokers=localhost%3A9092&topic=opsMgmt_PlatformTransactions
2020-05-13 20:57:20.117  INFO 24438 --- [           main] o.a.camel.spring.SpringCamelContext      : Total 5 routes, of which 5 are started
2020-05-13 20:57:20.117  INFO 24438 --- [rmTransactions]] o.a.k.clients.consumer.KafkaConsumer     : [Consumer clientId=consumer-9b207cdd-c166-42eb-bda1-f57f80ecbb70-1, groupId=9b207cdd-c166-42eb-bda1-f57f80ecbb70] Subscribed to topic(s): opsMgmt_PlatformTransactions
2020-05-13 20:57:20.118  INFO 24438 --- [           main] o.a.camel.spring.SpringCamelContext      : Apache Camel 2.21.0.fuse-760027-redhat-00001 (CamelContext: camel-1) started in 0.535 seconds
2020-05-13 20:57:20.145  INFO 24438 --- [           main] o.a.c.c.s.CamelHttpTransportServlet      : Initialized CamelHttpTransportServlet[name=CamelServlet, contextPath=]
2020-05-13 20:57:20.145  INFO 24438 --- [           main] s.b.c.e.t.TomcatEmbeddedServletContainer : Tomcat started on port(s): 8080 (http)
2020-05-13 20:57:20.150  INFO 24438 --- [           main] test.Application                         : Started Application in 4.28 seconds (JVM running for 4.853)
2020-05-13 20:57:20.341  INFO 24438 --- [ad | producer-1] org.apache.kafka.clients.Metadata        : [Producer clientId=producer-1] Cluster ID: u3F7T_0zTqeD5BRjjfD50w
2020-05-13 20:57:20.341  INFO 24438 --- [rmTransactions]] org.apache.kafka.clients.Metadata        : [Consumer clientId=consumer-9b207cdd-c166-42eb-bda1-f57f80ecbb70-1, groupId=9b207cdd-c166-42eb-bda1-f57f80ecbb70] Cluster ID: u3F7T_0zTqeD5BRjjfD50w
2020-05-13 20:57:20.343  INFO 24438 --- [rmTransactions]] o.a.k.c.c.internals.AbstractCoordinator  : [Consumer clientId=consumer-9b207cdd-c166-42eb-bda1-f57f80ecbb70-1, groupId=9b207cdd-c166-42eb-bda1-f57f80ecbb70] Discovered group coordinator 192.168.1.43:9092 (id: 2147483647 rack: null)
2020-05-13 20:57:20.346  INFO 24438 --- [rmTransactions]] o.a.k.c.c.internals.AbstractCoordinator  : [Consumer clientId=consumer-9b207cdd-c166-42eb-bda1-f57f80ecbb70-1, groupId=9b207cdd-c166-42eb-bda1-f57f80ecbb70] (Re-)joining group
2020-05-13 20:57:20.354  INFO 24438 --- [rmTransactions]] o.a.k.c.c.internals.AbstractCoordinator  : [Consumer clientId=consumer-9b207cdd-c166-42eb-bda1-f57f80ecbb70-1, groupId=9b207cdd-c166-42eb-bda1-f57f80ecbb70] (Re-)joining group
2020-05-13 20:57:20.358  INFO 24438 --- [rmTransactions]] o.a.k.c.c.internals.ConsumerCoordinator  : [Consumer clientId=consumer-9b207cdd-c166-42eb-bda1-f57f80ecbb70-1, groupId=9b207cdd-c166-42eb-bda1-f57f80ecbb70] Finished assignment for group at generation 1: {consumer-9b207cdd-c166-42eb-bda1-f57f80ecbb70-1-a829ba15-0de6-412e-a485-9a388bd707ba=org.apache.kafka.clients.consumer.ConsumerPartitionAssignor$Assignment@c35c25c}
2020-05-13 20:57:20.362  INFO 24438 --- [rmTransactions]] o.a.k.c.c.internals.AbstractCoordinator  : [Consumer clientId=consumer-9b207cdd-c166-42eb-bda1-f57f80ecbb70-1, groupId=9b207cdd-c166-42eb-bda1-f57f80ecbb70] Successfully joined group with generation 1
2020-05-13 20:57:20.367  INFO 24438 --- [rmTransactions]] o.a.k.c.c.internals.ConsumerCoordinator  : [Consumer clientId=consumer-9b207cdd-c166-42eb-bda1-f57f80ecbb70-1, groupId=9b207cdd-c166-42eb-bda1-f57f80ecbb70] Adding newly assigned partitions: opsMgmt_PlatformTransactions-0
2020-05-13 20:57:20.376  INFO 24438 --- [rmTransactions]] o.a.k.c.c.internals.ConsumerCoordinator  : [Consumer clientId=consumer-9b207cdd-c166-42eb-bda1-f57f80ecbb70-1, groupId=9b207cdd-c166-42eb-bda1-f57f80ecbb70] Found no committed offset for partition opsMgmt_PlatformTransactions-0
2020-05-13 20:57:20.387  INFO 24438 --- [rmTransactions]] o.a.k.c.c.internals.SubscriptionState    : [Consumer clientId=consumer-9b207cdd-c166-42eb-bda1-f57f80ecbb70-1, groupId=9b207cdd-c166-42eb-bda1-f57f80ecbb70] Resetting offset for partition opsMgmt_PlatformTransactions-0 to offset 10.
2020-05-13 20:57:52.971  INFO 24438 --- [rmTransactions]] audit                                    : Message received from Kafka : {
  "resourceType": "Condition",
  "id": "f001",
  "text": {
    "status": "generated",
    "div": "\u003cdiv xmlns\u003d\"http://www.w3.org/1999/xhtml\"\u003e\u003cp\u003e\u003cb\u003eGenerated Narrative with Details\u003c/b\u003e\u003c/p\u003e\u003cp\u003e\u003cb\u003eid\u003c/b\u003e: f001\u003c/p\u003e\u003cp\u003e\u003cb\u003eclinicalStatus\u003c/b\u003e: Active \u003cspan\u003e(Details : {http://terminology.hl7.org/CodeSystem/condition-clinical code \u0027active\u0027 \u003d \u0027Active)\u003c/span\u003e\u003c/p\u003e\u003cp\u003e\u003cb\u003everificationStatus\u003c/b\u003e: Confirmed \u003cspan\u003e(Details : {http://terminology.hl7.org/CodeSystem/condition-ver-status code \u0027confirmed\u0027 \u003d \u0027Confirmed)\u003c/span\u003e\u003c/p\u003e\u003cp\u003e\u003cb\u003ecategory\u003c/b\u003e: diagnosis \u003cspan\u003e(Details : {SNOMED CT code \u0027439401001\u0027 \u003d \u0027Diagnosis\u0027, given as \u0027diagnosis\u0027})\u003c/span\u003e\u003c/p\u003e\u003cp\u003e\u003cb\u003eseverity\u003c/b\u003e: Moderate \u003cspan\u003e(Details : {SNOMED CT code \u00276736007\u0027 \u003d \u0027Moderate\u0027, given as \u0027Moderate\u0027})\u003c/span\u003e\u003c/p\u003e\u003cp\u003e\u003cb\u003ecode\u003c/b\u003e: Heart valve disorder \u003cspan\u003e(Details : {SNOMED CT code \u0027368009\u0027 \u003d \u0027Heart valve disorder\u0027, given as \u0027Heart valve disorder\u0027})\u003c/span\u003e\u003c/p\u003e\u003cp\u003e\u003cb\u003ebodySite\u003c/b\u003e: heart structure \u003cspan\u003e(Details : {SNOMED CT code \u002740768004\u0027 \u003d \u0027Left thorax\u0027, given as \u0027Left thorax\u0027})\u003c/span\u003e\u003c/p\u003e\u003cp\u003e\u003cb\u003esubject\u003c/b\u003e: \u003ca\u003eP. van de Heuvel\u003c/a\u003e\u003c/p\u003e\u003cp\u003e\u003cb\u003eencounter\u003c/b\u003e: \u003ca\u003eEncounter/f001\u003c/a\u003e\u003c/p\u003e\u003cp\u003e\u003cb\u003eonset\u003c/b\u003e: 05/08/2011\u003c/p\u003e\u003cp\u003e\u003cb\u003erecordedDate\u003c/b\u003e: 05/10/2011\u003c/p\u003e\u003cp\u003e\u003cb\u003easserter\u003c/b\u003e: \u003ca\u003eP. van de Heuvel\u003c/a\u003e\u003c/p\u003e\u003ch3\u003eEvidences\u003c/h3\u003e\u003ctable\u003e\u003ctr\u003e\u003ctd\u003e-\u003c/td\u003e\u003ctd\u003e\u003cb\u003eCode\u003c/b\u003e\u003c/td\u003e\u003c/tr\u003e\u003ctr\u003e\u003ctd\u003e*\u003c/td\u003e\u003ctd\u003eCardiac chest pain \u003cspan\u003e(Details : {SNOMED CT code \u0027426396005\u0027 \u003d \u0027Cardiac chest pain\u0027, given as \u0027Cardiac chest pain\u0027})\u003c/span\u003e\u003c/td\u003e\u003c/tr\u003e\u003c/table\u003e\u003c/div\u003e"
  },
  "clinicalStatus": {
    "coding": [
      {
        "system": "http://terminology.hl7.org/CodeSystem/condition-clinical",
        "code": "active"
      }
    ]
  },
  "verificationStatus": {
    "coding": [
      {
        "system": "http://terminology.hl7.org/CodeSystem/condition-ver-status",
        "code": "confirmed"
      }
    ]
  },
  "category": [
    {
      "coding": [
        {
          "system": "http://snomed.info/sct",
          "code": "439401001",
          "display": "diagnosis"
        }
      ]
    }
  ],
  "severity": {
    "coding": [
      {
        "system": "http://snomed.info/sct",
        "code": "6736007",
        "display": "Moderate"
      }
    ]
  },
  "code": {
    "coding": [
      {
        "system": "http://snomed.info/sct",
        "code": "368009",
        "display": "Heart valve disorder"
      }
    ]
  },
  "bodySite": [
    {
      "coding": [
        {
          "system": "http://snomed.info/sct",
          "code": "40768004",
          "display": "Left thorax"
        }
      ],
      "text": "heart structure"
    }
  ],
  "subject": {
    "reference": "Patient/f001",
    "display": "P. van de Heuvel"
  },
  "encounter": {
    "reference": "Encounter/f001"
  },
  "onsetDateTime": "2011-08-05",
  "recordedDate": "2011-10-05",
  "asserter": {
    "reference": "Patient/f001",
    "display": "P. van de Heuvel"
  },
  "evidence": [
    {
      "code": [
        {
          "coding": [
            {
              "system": "http://snomed.info/sct",
              "code": "426396005",
              "display": "Cardiac chest pain"
            }
          ]
        }
      ]
    }
  ],
  "meta": {
    "tag": [
      {
        "system": "http://terminology.hl7.org/CodeSystem/v3-ActReason",
        "code": "HTEST",
        "display": "test health data"
      }
    ]
  }
}
2020-05-13 20:57:52.971  INFO 24438 --- [rmTransactions]] audit                                    : on the topic opsMgmt_PlatformTransactions
2020-05-13 20:57:52.971  INFO 24438 --- [rmTransactions]] audit                                    : with the offset 10
2020-05-13 20:57:52.973  INFO 24438 --- [rmTransactions]] audit                                    : with the key RecordHeaders(headers = [RecordHeader(key = accept, value = [42, 47, 42]), RecordHeader(key = accept-encoding, value = [103, 122, 105, 112, 44, 32, 100, 101, 102, 108, 97, 116, 101, 44, 32, 98, 114]), RecordHeader(key = auditdetails, value = [67, 111, 110, 100, 105, 116, 105, 111, 110, 32, 109, 101, 115, 115, 97, 103, 101, 32, 114, 101, 99, 101, 105, 118, 101, 100]), RecordHeader(key = breadcrumbId, value = [73, 68, 45, 77, 97, 99, 66, 111, 111, 107, 45, 80, 114, 111, 45, 49, 53, 56, 57, 52, 50, 49, 52, 51, 55, 57, 50, 48, 45, 48, 45, 49]), RecordHeader(key = component, value = [70, 72, 73, 82, 67, 111, 110, 100, 105, 116, 105, 111, 110]), RecordHeader(key = connection, value = [107, 101, 101, 112, 45, 97, 108, 105, 118, 101]), RecordHeader(key = content-length, value = [52, 52, 53, 57]), RecordHeader(key = Content-Type, value = [116, 101, 120, 116, 47, 112, 108, 97, 105, 110]), RecordHeader(key = exchangeID, value = [73, 68, 45, 77, 97, 99, 66, 111, 111, 107, 45, 80, 114, 111, 45, 49, 53, 56, 57, 52, 50, 49, 52, 51, 55, 57, 50, 48, 45, 48, 45, 49]), RecordHeader(key = host, value = [108, 111, 99, 97, 108, 104, 111, 115, 116, 58, 56, 48, 56, 48]), RecordHeader(key = industrystd, value = [70, 72, 73, 82]), RecordHeader(key = internalMsgID, value = [73, 68, 45, 77, 97, 99, 66, 111, 111, 107, 45, 80, 114, 111, 45, 49, 53, 56, 57, 52, 50, 49, 52, 51, 55, 57, 50, 48, 45, 48, 45, 50]), RecordHeader(key = messageprocesseddate, value = [50, 48, 50, 48, 45, 48, 53, 45, 49, 51]), RecordHeader(key = messageprocessedtime, value = [50, 48, 58, 53, 55, 58, 53, 50, 58, 57, 52, 52]), RecordHeader(key = messagetrigger, value = [67, 111, 110, 100, 105, 116, 105, 111, 110]), RecordHeader(key = postman-token, value = [56, 99, 53, 55, 97, 56, 55, 55, 45, 99, 55, 98, 55, 45, 52, 56, 55, 97, 45, 97, 55, 99, 57, 45, 102, 50, 51, 102, 101, 48, 98, 100, 102, 102, 48, 102]), RecordHeader(key = processingtype, value = [100, 97, 116, 97]), RecordHeader(key = processname, value = [73, 110, 112, 117, 116]), RecordHeader(key = user-agent, value = [80, 111, 115, 116, 109, 97, 110, 82, 117, 110, 116, 105, 109, 101, 47, 55, 46, 50, 52, 46, 49])], isReadOnly = false)
2020-05-13 20:57:52.974 ERROR 24438 --- [nio-8080-exec-2] o.a.camel.processor.DefaultErrorHandler  : Failed delivery for (MessageId: ID-MacBook-Pro-1589421437920-0-2 on ExchangeId: ID-MacBook-Pro-1589421437920-0-1). Exhausted after delivery attempt: 1 caught: java.lang.IllegalArgumentException: Invalid uri: /camel/condition. If you are forwarding/bridging http endpoints, then enable the bridgeEndpoint option on the endpoint: http://localhost:8090/fhir-server/api/v4/Condition?bridgeEndpoint=true%3FauthMethod%3DBasic%3FauthUsername%3Dfhiradmin%3FauthPassword%3Dfhiradmin123

Message History
---------------------------------------------------------------------------------------------------------------------------------------
RouteId              ProcessorId          Processor                                                                        Elapsed (ms)
[FHIRCondition     ] [FHIRCondition     ] [servlet:/condition                                                            ] [        35]
[FHIRCondition     ] [convertBodyTo3    ] [convertBodyTo[java.lang.String]                                               ] [         2]
[FHIRCondition     ] [setProperty11     ] [setProperty[processingtype]                                                   ] [         0]
[FHIRCondition     ] [setProperty12     ] [setProperty[appname]                                                          ] [         1]
[FHIRCondition     ] [setProperty13     ] [setProperty[industrystd]                                                      ] [         0]
[FHIRCondition     ] [setProperty14     ] [setProperty[messagetrigger]                                                   ] [         0]
[FHIRCondition     ] [setProperty15     ] [setProperty[componentname]                                                    ] [         0]
[FHIRCondition     ] [setProperty16     ] [setProperty[camelID]                                                          ] [         0]
[FHIRCondition     ] [setProperty17     ] [setProperty[exchangeID]                                                       ] [         1]
[FHIRCondition     ] [setProperty18     ] [setProperty[internalMsgID]                                                    ] [         0]
[FHIRCondition     ] [setProperty19     ] [setProperty[processname]                                                      ] [         0]
[FHIRCondition     ] [setProperty20     ] [setProperty[auditdetails]                                                     ] [         0]
[FHIRCondition     ] [wireTap2          ] [wireTap[direct:auditing]                                                      ] [         1]
[FHIRCondition     ] [to2               ] [http://localhost:8090/fhir-server/api/v4/Condition?bridgeEndpoint=true?authMet] [        27]

Stacktrace
---------------------------------------------------------------------------------------------------------------------------------------

java.lang.IllegalArgumentException: Invalid uri: /camel/condition. If you are forwarding/bridging http endpoints, then enable the bridgeEndpoint option on the endpoint: http://localhost:8090/fhir-server/api/v4/Condition?bridgeEndpoint=true%3FauthMethod%3DBasic%3FauthUsername%3Dfhiradmin%3FauthPassword%3Dfhiradmin123
	at org.apache.camel.component.http.HttpProducer.createMethod(HttpProducer.java:441) ~[camel-http-2.21.0.fuse-760027-redhat-00001.jar:2.21.0.fuse-760027-redhat-00001]
	at org.apache.camel.component.http.HttpProducer.process(HttpProducer.java:98) ~[camel-http-2.21.0.fuse-760027-redhat-00001.jar:2.21.0.fuse-760027-redhat-00001]
	at org.apache.camel.util.AsyncProcessorConverterHelper$ProcessorToAsyncProcessorBridge.process(AsyncProcessorConverterHelper.java:61) ~[camel-core-2.21.0.fuse-760027-redhat-00001.jar:2.21.0.fuse-760027-redhat-00001]
	at org.apache.camel.processor.SendProcessor.process(SendProcessor.java:148) ~[camel-core-2.21.0.fuse-760027-redhat-00001.jar:2.21.0.fuse-760027-redhat-00001]
	at org.apache.camel.processor.RedeliveryErrorHandler.process(RedeliveryErrorHandler.java:548) ~[camel-core-2.21.0.fuse-760027-redhat-00001.jar:2.21.0.fuse-760027-redhat-00001]
	at org.apache.camel.processor.CamelInternalProcessor.process(CamelInternalProcessor.java:201) [camel-core-2.21.0.fuse-760027-redhat-00001.jar:2.21.0.fuse-760027-redhat-00001]
	at org.apache.camel.processor.Pipeline.process(Pipeline.java:138) [camel-core-2.21.0.fuse-760027-redhat-00001.jar:2.21.0.fuse-760027-redhat-00001]
	at org.apache.camel.processor.Pipeline.process(Pipeline.java:101) [camel-core-2.21.0.fuse-760027-redhat-00001.jar:2.21.0.fuse-760027-redhat-00001]
	at org.apache.camel.processor.CamelInternalProcessor.process(CamelInternalProcessor.java:201) [camel-core-2.21.0.fuse-760027-redhat-00001.jar:2.21.0.fuse-760027-redhat-00001]
	at org.apache.camel.processor.DelegateAsyncProcessor.process(DelegateAsyncProcessor.java:97) [camel-core-2.21.0.fuse-760027-redhat-00001.jar:2.21.0.fuse-760027-redhat-00001]
	at org.apache.camel.http.common.CamelServlet.doService(CamelServlet.java:214) [camel-http-common-2.21.0.fuse-760027-redhat-00001.jar:2.21.0.fuse-760027-redhat-00001]
	at org.apache.camel.http.common.CamelServlet.service(CamelServlet.java:80) [camel-http-common-2.21.0.fuse-760027-redhat-00001.jar:2.21.0.fuse-760027-redhat-00001]
	at javax.servlet.http.HttpServlet.service(HttpServlet.java:729) [tomcat-embed-core-8.0.36.redhat-39.jar:8.0.36]
	at org.apache.catalina.core.ApplicationFilterChain.internalDoFilter(ApplicationFilterChain.java:292) [tomcat-embed-core-8.0.36.redhat-39.jar:8.0.36]
	at org.apache.catalina.core.ApplicationFilterChain.doFilter(ApplicationFilterChain.java:207) [tomcat-embed-core-8.0.36.redhat-39.jar:8.0.36]
	at org.apache.tomcat.websocket.server.WsFilter.doFilter(WsFilter.java:52) [tomcat-embed-websocket-8.0.36.redhat-39.jar:8.0.36]
	at org.apache.catalina.core.ApplicationFilterChain.internalDoFilter(ApplicationFilterChain.java:240) [tomcat-embed-core-8.0.36.redhat-39.jar:8.0.36]
	at org.apache.catalina.core.ApplicationFilterChain.doFilter(ApplicationFilterChain.java:207) [tomcat-embed-core-8.0.36.redhat-39.jar:8.0.36]
	at org.springframework.boot.web.filter.ApplicationContextHeaderFilter.doFilterInternal(ApplicationContextHeaderFilter.java:54) [spring-boot-1.5.22.RELEASE.jar:1.5.22.RELEASE]
	at org.springframework.web.filter.OncePerRequestFilter.doFilter(OncePerRequestFilter.java:107) [spring-web-4.3.25.RELEASE.jar:4.3.25.RELEASE]
	at org.apache.catalina.core.ApplicationFilterChain.internalDoFilter(ApplicationFilterChain.java:240) [tomcat-embed-core-8.0.36.redhat-39.jar:8.0.36]
	at org.apache.catalina.core.ApplicationFilterChain.doFilter(ApplicationFilterChain.java:207) [tomcat-embed-core-8.0.36.redhat-39.jar:8.0.36]
	at org.springframework.boot.actuate.trace.WebRequestTraceFilter.doFilterInternal(WebRequestTraceFilter.java:111) [spring-boot-actuator-1.5.22.RELEASE.jar:1.5.22.RELEASE]
	at org.springframework.web.filter.OncePerRequestFilter.doFilter(OncePerRequestFilter.java:107) [spring-web-4.3.25.RELEASE.jar:4.3.25.RELEASE]
	at org.apache.catalina.core.ApplicationFilterChain.internalDoFilter(ApplicationFilterChain.java:240) [tomcat-embed-core-8.0.36.redhat-39.jar:8.0.36]
	at org.apache.catalina.core.ApplicationFilterChain.doFilter(ApplicationFilterChain.java:207) [tomcat-embed-core-8.0.36.redhat-39.jar:8.0.36]
	at org.springframework.web.filter.RequestContextFilter.doFilterInternal(RequestContextFilter.java:99) [spring-web-4.3.25.RELEASE.jar:4.3.25.RELEASE]
	at org.springframework.web.filter.OncePerRequestFilter.doFilter(OncePerRequestFilter.java:107) [spring-web-4.3.25.RELEASE.jar:4.3.25.RELEASE]
	at org.apache.catalina.core.ApplicationFilterChain.internalDoFilter(ApplicationFilterChain.java:240) [tomcat-embed-core-8.0.36.redhat-39.jar:8.0.36]
	at org.apache.catalina.core.ApplicationFilterChain.doFilter(ApplicationFilterChain.java:207) [tomcat-embed-core-8.0.36.redhat-39.jar:8.0.36]
	at org.springframework.web.filter.HttpPutFormContentFilter.doFilterInternal(HttpPutFormContentFilter.java:109) [spring-web-4.3.25.RELEASE.jar:4.3.25.RELEASE]
	at org.springframework.web.filter.OncePerRequestFilter.doFilter(OncePerRequestFilter.java:107) [spring-web-4.3.25.RELEASE.jar:4.3.25.RELEASE]
	at org.apache.catalina.core.ApplicationFilterChain.internalDoFilter(ApplicationFilterChain.java:240) [tomcat-embed-core-8.0.36.redhat-39.jar:8.0.36]
	at org.apache.catalina.core.ApplicationFilterChain.doFilter(ApplicationFilterChain.java:207) [tomcat-embed-core-8.0.36.redhat-39.jar:8.0.36]
	at org.springframework.web.filter.HiddenHttpMethodFilter.doFilterInternal(HiddenHttpMethodFilter.java:93) [spring-web-4.3.25.RELEASE.jar:4.3.25.RELEASE]
	at org.springframework.web.filter.OncePerRequestFilter.doFilter(OncePerRequestFilter.java:107) [spring-web-4.3.25.RELEASE.jar:4.3.25.RELEASE]
	at org.apache.catalina.core.ApplicationFilterChain.internalDoFilter(ApplicationFilterChain.java:240) [tomcat-embed-core-8.0.36.redhat-39.jar:8.0.36]
	at org.apache.catalina.core.ApplicationFilterChain.doFilter(ApplicationFilterChain.java:207) [tomcat-embed-core-8.0.36.redhat-39.jar:8.0.36]
	at org.springframework.web.filter.CharacterEncodingFilter.doFilterInternal(CharacterEncodingFilter.java:197) [spring-web-4.3.25.RELEASE.jar:4.3.25.RELEASE]
	at org.springframework.web.filter.OncePerRequestFilter.doFilter(OncePerRequestFilter.java:107) [spring-web-4.3.25.RELEASE.jar:4.3.25.RELEASE]
	at org.apache.catalina.core.ApplicationFilterChain.internalDoFilter(ApplicationFilterChain.java:240) [tomcat-embed-core-8.0.36.redhat-39.jar:8.0.36]
	at org.apache.catalina.core.ApplicationFilterChain.doFilter(ApplicationFilterChain.java:207) [tomcat-embed-core-8.0.36.redhat-39.jar:8.0.36]
	at org.springframework.boot.actuate.autoconfigure.MetricsFilter.doFilterInternal(MetricsFilter.java:100) [spring-boot-actuator-1.5.22.RELEASE.jar:1.5.22.RELEASE]
	at org.springframework.web.filter.OncePerRequestFilter.doFilter(OncePerRequestFilter.java:107) [spring-web-4.3.25.RELEASE.jar:4.3.25.RELEASE]
	at org.apache.catalina.core.ApplicationFilterChain.internalDoFilter(ApplicationFilterChain.java:240) [tomcat-embed-core-8.0.36.redhat-39.jar:8.0.36]
	at org.apache.catalina.core.ApplicationFilterChain.doFilter(ApplicationFilterChain.java:207) [tomcat-embed-core-8.0.36.redhat-39.jar:8.0.36]
	at org.apache.catalina.core.StandardWrapperValve.invoke(StandardWrapperValve.java:212) [tomcat-embed-core-8.0.36.redhat-39.jar:8.0.36]
	at org.apache.catalina.core.StandardContextValve.invoke(StandardContextValve.java:106) [tomcat-embed-core-8.0.36.redhat-39.jar:8.0.36]
	at org.apache.catalina.authenticator.AuthenticatorBase.invoke(AuthenticatorBase.java:494) [tomcat-embed-core-8.0.36.redhat-39.jar:8.0.36]
	at org.apache.catalina.core.StandardHostValve.invoke(StandardHostValve.java:141) [tomcat-embed-core-8.0.36.redhat-39.jar:8.0.36]
	at org.apache.catalina.valves.ErrorReportValve.invoke(ErrorReportValve.java:79) [tomcat-embed-core-8.0.36.redhat-39.jar:8.0.36]
	at org.apache.catalina.core.StandardEngineValve.invoke(StandardEngineValve.java:88) [tomcat-embed-core-8.0.36.redhat-39.jar:8.0.36]
	at org.apache.catalina.connector.CoyoteAdapter.service(CoyoteAdapter.java:528) [tomcat-embed-core-8.0.36.redhat-39.jar:8.0.36]
	at org.apache.coyote.http11.AbstractHttp11Processor.process(AbstractHttp11Processor.java:1100) [tomcat-embed-core-8.0.36.redhat-39.jar:8.0.36]
	at org.apache.coyote.AbstractProtocol$AbstractConnectionHandler.process(AbstractProtocol.java:687) [tomcat-embed-core-8.0.36.redhat-39.jar:8.0.36]
	at org.apache.tomcat.util.net.NioEndpoint$SocketProcessor.doRun(NioEndpoint.java:1538) [tomcat-embed-core-8.0.36.redhat-39.jar:8.0.36]
	at org.apache.tomcat.util.net.NioEndpoint$SocketProcessor.run(NioEndpoint.java:1494) [tomcat-embed-core-8.0.36.redhat-39.jar:8.0.36]
	at java.util.concurrent.ThreadPoolExecutor.runWorker(ThreadPoolExecutor.java:1149) [na:1.8.0_221]
	at java.util.concurrent.ThreadPoolExecutor$Worker.run(ThreadPoolExecutor.java:624) [na:1.8.0_221]
	at org.apache.tomcat.util.threads.TaskThread$WrappingRunnable.run(TaskThread.java:61) [tomcat-embed-core-8.0.36.redhat-39.jar:8.0.36]
	at java.lang.Thread.run(Thread.java:748) [na:1.8.0_221]

2020-05-13 20:58:01.477 ERROR 24438 --- [nio-8080-exec-4] o.a.camel.processor.DefaultErrorHandler  : Failed delivery for (MessageId: ID-MacBook-Pro-1589421437920-0-6 on ExchangeId: ID-MacBook-Pro-1589421437920-0-5). Exhausted after delivery attempt: 1 caught: java.lang.IllegalArgumentException: Invalid uri: /camel/condition. If you are forwarding/bridging http endpoints, then enable the bridgeEndpoint option on the endpoint: http://localhost:8090/fhir-server/api/v4/Condition?bridgeEndpoint=true%3FauthMethod%3DBasic%3FauthUsername%3Dfhiradmin%3FauthPassword%3Dfhiradmin123

Message History
---------------------------------------------------------------------------------------------------------------------------------------
RouteId              ProcessorId          Processor                                                                        Elapsed (ms)
[FHIRCondition     ] [FHIRCondition     ] [servlet:/condition                                                            ] [         2]
[FHIRCondition     ] [convertBodyTo3    ] [convertBodyTo[java.lang.String]                                               ] [         0]
[FHIRCondition     ] [setProperty11     ] [setProperty[processingtype]                                                   ] [         0]
[FHIRCondition     ] [setProperty12     ] [setProperty[appname]                                                          ] [         0]
[FHIRCondition     ] [setProperty13     ] [setProperty[industrystd]                                                      ] [         0]
[FHIRCondition     ] [setProperty14     ] [setProperty[messagetrigger]                                                   ] [         0]
[FHIRCondition     ] [setProperty15     ] [setProperty[componentname]                                                    ] [         0]
[FHIRCondition     ] [setProperty16     ] [setProperty[camelID]                                                          ] [         0]
[FHIRCondition     ] [setProperty17     ] [setProperty[exchangeID]                                                       ] [         0]
[FHIRCondition     ] [setProperty18     ] [setProperty[internalMsgID]                                                    ] [         0]
[FHIRCondition     ] [setProperty19     ] [setProperty[processname]                                                      ] [         0]
[FHIRCondition     ] [setProperty20     ] [setProperty[auditdetails]                                                     ] [         0]
[FHIRCondition     ] [wireTap2          ] [wireTap[direct:auditing]                                                      ] [         0]
[FHIRCondition     ] [to2               ] [http://localhost:8090/fhir-server/api/v4/Condition?bridgeEndpoint=true?authMet] [         2]

Stacktrace
---------------------------------------------------------------------------------------------------------------------------------------

java.lang.IllegalArgumentException: Invalid uri: /camel/condition. If you are forwarding/bridging http endpoints, then enable the bridgeEndpoint option on the endpoint: http://localhost:8090/fhir-server/api/v4/Condition?bridgeEndpoint=true%3FauthMethod%3DBasic%3FauthUsername%3Dfhiradmin%3FauthPassword%3Dfhiradmin123
	at org.apache.camel.component.http.HttpProducer.createMethod(HttpProducer.java:441) ~[camel-http-2.21.0.fuse-760027-redhat-00001.jar:2.21.0.fuse-760027-redhat-00001]
	at org.apache.camel.component.http.HttpProducer.process(HttpProducer.java:98) ~[camel-http-2.21.0.fuse-760027-redhat-00001.jar:2.21.0.fuse-760027-redhat-00001]
	at org.apache.camel.util.AsyncProcessorConverterHelper$ProcessorToAsyncProcessorBridge.process(AsyncProcessorConverterHelper.java:61) ~[camel-core-2.21.0.fuse-760027-redhat-00001.jar:2.21.0.fuse-760027-redhat-00001]
	at org.apache.camel.processor.SendProcessor.process(SendProcessor.java:148) ~[camel-core-2.21.0.fuse-760027-redhat-00001.jar:2.21.0.fuse-760027-redhat-00001]
	at org.apache.camel.processor.RedeliveryErrorHandler.process(RedeliveryErrorHandler.java:548) ~[camel-core-2.21.0.fuse-760027-redhat-00001.jar:2.21.0.fuse-760027-redhat-00001]
	at org.apache.camel.processor.CamelInternalProcessor.process(CamelInternalProcessor.java:201) [camel-core-2.21.0.fuse-760027-redhat-00001.jar:2.21.0.fuse-760027-redhat-00001]
	at org.apache.camel.processor.Pipeline.process(Pipeline.java:138) [camel-core-2.21.0.fuse-760027-redhat-00001.jar:2.21.0.fuse-760027-redhat-00001]
	at org.apache.camel.processor.Pipeline.process(Pipeline.java:101) [camel-core-2.21.0.fuse-760027-redhat-00001.jar:2.21.0.fuse-760027-redhat-00001]
	at org.apache.camel.processor.CamelInternalProcessor.process(CamelInternalProcessor.java:201) [camel-core-2.21.0.fuse-760027-redhat-00001.jar:2.21.0.fuse-760027-redhat-00001]
	at org.apache.camel.processor.DelegateAsyncProcessor.process(DelegateAsyncProcessor.java:97) [camel-core-2.21.0.fuse-760027-redhat-00001.jar:2.21.0.fuse-760027-redhat-00001]
	at org.apache.camel.http.common.CamelServlet.doService(CamelServlet.java:214) [camel-http-common-2.21.0.fuse-760027-redhat-00001.jar:2.21.0.fuse-760027-redhat-00001]
	at org.apache.camel.http.common.CamelServlet.service(CamelServlet.java:80) [camel-http-common-2.21.0.fuse-760027-redhat-00001.jar:2.21.0.fuse-760027-redhat-00001]
	at javax.servlet.http.HttpServlet.service(HttpServlet.java:729) [tomcat-embed-core-8.0.36.redhat-39.jar:8.0.36]
	at org.apache.catalina.core.ApplicationFilterChain.internalDoFilter(ApplicationFilterChain.java:292) [tomcat-embed-core-8.0.36.redhat-39.jar:8.0.36]
	at org.apache.catalina.core.ApplicationFilterChain.doFilter(ApplicationFilterChain.java:207) [tomcat-embed-core-8.0.36.redhat-39.jar:8.0.36]
	at org.apache.tomcat.websocket.server.WsFilter.doFilter(WsFilter.java:52) [tomcat-embed-websocket-8.0.36.redhat-39.jar:8.0.36]
	at org.apache.catalina.core.ApplicationFilterChain.internalDoFilter(ApplicationFilterChain.java:240) [tomcat-embed-core-8.0.36.redhat-39.jar:8.0.36]
	at org.apache.catalina.core.ApplicationFilterChain.doFilter(ApplicationFilterChain.java:207) [tomcat-embed-core-8.0.36.redhat-39.jar:8.0.36]
	at org.springframework.boot.web.filter.ApplicationContextHeaderFilter.doFilterInternal(ApplicationContextHeaderFilter.java:54) [spring-boot-1.5.22.RELEASE.jar:1.5.22.RELEASE]
	at org.springframework.web.filter.OncePerRequestFilter.doFilter(OncePerRequestFilter.java:107) [spring-web-4.3.25.RELEASE.jar:4.3.25.RELEASE]
	at org.apache.catalina.core.ApplicationFilterChain.internalDoFilter(ApplicationFilterChain.java:240) [tomcat-embed-core-8.0.36.redhat-39.jar:8.0.36]
	at org.apache.catalina.core.ApplicationFilterChain.doFilter(ApplicationFilterChain.java:207) [tomcat-embed-core-8.0.36.redhat-39.jar:8.0.36]
	at org.springframework.boot.actuate.trace.WebRequestTraceFilter.doFilterInternal(WebRequestTraceFilter.java:111) [spring-boot-actuator-1.5.22.RELEASE.jar:1.5.22.RELEASE]
	at org.springframework.web.filter.OncePerRequestFilter.doFilter(OncePerRequestFilter.java:107) [spring-web-4.3.25.RELEASE.jar:4.3.25.RELEASE]
	at org.apache.catalina.core.ApplicationFilterChain.internalDoFilter(ApplicationFilterChain.java:240) [tomcat-embed-core-8.0.36.redhat-39.jar:8.0.36]
	at org.apache.catalina.core.ApplicationFilterChain.doFilter(ApplicationFilterChain.java:207) [tomcat-embed-core-8.0.36.redhat-39.jar:8.0.36]
	at org.springframework.web.filter.RequestContextFilter.doFilterInternal(RequestContextFilter.java:99) [spring-web-4.3.25.RELEASE.jar:4.3.25.RELEASE]
	at org.springframework.web.filter.OncePerRequestFilter.doFilter(OncePerRequestFilter.java:107) [spring-web-4.3.25.RELEASE.jar:4.3.25.RELEASE]
	at org.apache.catalina.core.ApplicationFilterChain.internalDoFilter(ApplicationFilterChain.java:240) [tomcat-embed-core-8.0.36.redhat-39.jar:8.0.36]
	at org.apache.catalina.core.ApplicationFilterChain.doFilter(ApplicationFilterChain.java:207) [tomcat-embed-core-8.0.36.redhat-39.jar:8.0.36]
	at org.springframework.web.filter.HttpPutFormContentFilter.doFilterInternal(HttpPutFormContentFilter.java:109) [spring-web-4.3.25.RELEASE.jar:4.3.25.RELEASE]
	at org.springframework.web.filter.OncePerRequestFilter.doFilter(OncePerRequestFilter.java:107) [spring-web-4.3.25.RELEASE.jar:4.3.25.RELEASE]
	at org.apache.catalina.core.ApplicationFilterChain.internalDoFilter(ApplicationFilterChain.java:240) [tomcat-embed-core-8.0.36.redhat-39.jar:8.0.36]
	at org.apache.catalina.core.ApplicationFilterChain.doFilter(ApplicationFilterChain.java:207) [tomcat-embed-core-8.0.36.redhat-39.jar:8.0.36]
	at org.springframework.web.filter.HiddenHttpMethodFilter.doFilterInternal(HiddenHttpMethodFilter.java:93) [spring-web-4.3.25.RELEASE.jar:4.3.25.RELEASE]
	at org.springframework.web.filter.OncePerRequestFilter.doFilter(OncePerRequestFilter.java:107) [spring-web-4.3.25.RELEASE.jar:4.3.25.RELEASE]
	at org.apache.catalina.core.ApplicationFilterChain.internalDoFilter(ApplicationFilterChain.java:240) [tomcat-embed-core-8.0.36.redhat-39.jar:8.0.36]
	at org.apache.catalina.core.ApplicationFilterChain.doFilter(ApplicationFilterChain.java:207) [tomcat-embed-core-8.0.36.redhat-39.jar:8.0.36]
	at org.springframework.web.filter.CharacterEncodingFilter.doFilterInternal(CharacterEncodingFilter.java:197) [spring-web-4.3.25.RELEASE.jar:4.3.25.RELEASE]
	at org.springframework.web.filter.OncePerRequestFilter.doFilter(OncePerRequestFilter.java:107) [spring-web-4.3.25.RELEASE.jar:4.3.25.RELEASE]
	at org.apache.catalina.core.ApplicationFilterChain.internalDoFilter(ApplicationFilterChain.java:240) [tomcat-embed-core-8.0.36.redhat-39.jar:8.0.36]
	at org.apache.catalina.core.ApplicationFilterChain.doFilter(ApplicationFilterChain.java:207) [tomcat-embed-core-8.0.36.redhat-39.jar:8.0.36]
	at org.springframework.boot.actuate.autoconfigure.MetricsFilter.doFilterInternal(MetricsFilter.java:100) [spring-boot-actuator-1.5.22.RELEASE.jar:1.5.22.RELEASE]
	at org.springframework.web.filter.OncePerRequestFilter.doFilter(OncePerRequestFilter.java:107) [spring-web-4.3.25.RELEASE.jar:4.3.25.RELEASE]
	at org.apache.catalina.core.ApplicationFilterChain.internalDoFilter(ApplicationFilterChain.java:240) [tomcat-embed-core-8.0.36.redhat-39.jar:8.0.36]
	at org.apache.catalina.core.ApplicationFilterChain.doFilter(ApplicationFilterChain.java:207) [tomcat-embed-core-8.0.36.redhat-39.jar:8.0.36]
	at org.apache.catalina.core.StandardWrapperValve.invoke(StandardWrapperValve.java:212) [tomcat-embed-core-8.0.36.redhat-39.jar:8.0.36]
	at org.apache.catalina.core.StandardContextValve.invoke(StandardContextValve.java:106) [tomcat-embed-core-8.0.36.redhat-39.jar:8.0.36]
	at org.apache.catalina.authenticator.AuthenticatorBase.invoke(AuthenticatorBase.java:494) [tomcat-embed-core-8.0.36.redhat-39.jar:8.0.36]
	at org.apache.catalina.core.StandardHostValve.invoke(StandardHostValve.java:141) [tomcat-embed-core-8.0.36.redhat-39.jar:8.0.36]
	at org.apache.catalina.valves.ErrorReportValve.invoke(ErrorReportValve.java:79) [tomcat-embed-core-8.0.36.redhat-39.jar:8.0.36]
	at org.apache.catalina.core.StandardEngineValve.invoke(StandardEngineValve.java:88) [tomcat-embed-core-8.0.36.redhat-39.jar:8.0.36]
	at org.apache.catalina.connector.CoyoteAdapter.service(CoyoteAdapter.java:528) [tomcat-embed-core-8.0.36.redhat-39.jar:8.0.36]
	at org.apache.coyote.http11.AbstractHttp11Processor.process(AbstractHttp11Processor.java:1100) [tomcat-embed-core-8.0.36.redhat-39.jar:8.0.36]
	at org.apache.coyote.AbstractProtocol$AbstractConnectionHandler.process(AbstractProtocol.java:687) [tomcat-embed-core-8.0.36.redhat-39.jar:8.0.36]
	at org.apache.tomcat.util.net.NioEndpoint$SocketProcessor.doRun(NioEndpoint.java:1538) [tomcat-embed-core-8.0.36.redhat-39.jar:8.0.36]
	at org.apache.tomcat.util.net.NioEndpoint$SocketProcessor.run(NioEndpoint.java:1494) [tomcat-embed-core-8.0.36.redhat-39.jar:8.0.36]
	at java.util.concurrent.ThreadPoolExecutor.runWorker(ThreadPoolExecutor.java:1149) [na:1.8.0_221]
	at java.util.concurrent.ThreadPoolExecutor$Worker.run(ThreadPoolExecutor.java:624) [na:1.8.0_221]
	at org.apache.tomcat.util.threads.TaskThread$WrappingRunnable.run(TaskThread.java:61) [tomcat-embed-core-8.0.36.redhat-39.jar:8.0.36]
	at java.lang.Thread.run(Thread.java:748) [na:1.8.0_221]

2020-05-13 20:58:01.478  INFO 24438 --- [rmTransactions]] audit                                    : Message received from Kafka : {
  "resourceType": "Condition",
  "id": "f001",
  "text": {
    "status": "generated",
    "div": "\u003cdiv xmlns\u003d\"http://www.w3.org/1999/xhtml\"\u003e\u003cp\u003e\u003cb\u003eGenerated Narrative with Details\u003c/b\u003e\u003c/p\u003e\u003cp\u003e\u003cb\u003eid\u003c/b\u003e: f001\u003c/p\u003e\u003cp\u003e\u003cb\u003eclinicalStatus\u003c/b\u003e: Active \u003cspan\u003e(Details : {http://terminology.hl7.org/CodeSystem/condition-clinical code \u0027active\u0027 \u003d \u0027Active)\u003c/span\u003e\u003c/p\u003e\u003cp\u003e\u003cb\u003everificationStatus\u003c/b\u003e: Confirmed \u003cspan\u003e(Details : {http://terminology.hl7.org/CodeSystem/condition-ver-status code \u0027confirmed\u0027 \u003d \u0027Confirmed)\u003c/span\u003e\u003c/p\u003e\u003cp\u003e\u003cb\u003ecategory\u003c/b\u003e: diagnosis \u003cspan\u003e(Details : {SNOMED CT code \u0027439401001\u0027 \u003d \u0027Diagnosis\u0027, given as \u0027diagnosis\u0027})\u003c/span\u003e\u003c/p\u003e\u003cp\u003e\u003cb\u003eseverity\u003c/b\u003e: Moderate \u003cspan\u003e(Details : {SNOMED CT code \u00276736007\u0027 \u003d \u0027Moderate\u0027, given as \u0027Moderate\u0027})\u003c/span\u003e\u003c/p\u003e\u003cp\u003e\u003cb\u003ecode\u003c/b\u003e: Heart valve disorder \u003cspan\u003e(Details : {SNOMED CT code \u0027368009\u0027 \u003d \u0027Heart valve disorder\u0027, given as \u0027Heart valve disorder\u0027})\u003c/span\u003e\u003c/p\u003e\u003cp\u003e\u003cb\u003ebodySite\u003c/b\u003e: heart structure \u003cspan\u003e(Details : {SNOMED CT code \u002740768004\u0027 \u003d \u0027Left thorax\u0027, given as \u0027Left thorax\u0027})\u003c/span\u003e\u003c/p\u003e\u003cp\u003e\u003cb\u003esubject\u003c/b\u003e: \u003ca\u003eP. van de Heuvel\u003c/a\u003e\u003c/p\u003e\u003cp\u003e\u003cb\u003eencounter\u003c/b\u003e: \u003ca\u003eEncounter/f001\u003c/a\u003e\u003c/p\u003e\u003cp\u003e\u003cb\u003eonset\u003c/b\u003e: 05/08/2011\u003c/p\u003e\u003cp\u003e\u003cb\u003erecordedDate\u003c/b\u003e: 05/10/2011\u003c/p\u003e\u003cp\u003e\u003cb\u003easserter\u003c/b\u003e: \u003ca\u003eP. van de Heuvel\u003c/a\u003e\u003c/p\u003e\u003ch3\u003eEvidences\u003c/h3\u003e\u003ctable\u003e\u003ctr\u003e\u003ctd\u003e-\u003c/td\u003e\u003ctd\u003e\u003cb\u003eCode\u003c/b\u003e\u003c/td\u003e\u003c/tr\u003e\u003ctr\u003e\u003ctd\u003e*\u003c/td\u003e\u003ctd\u003eCardiac chest pain \u003cspan\u003e(Details : {SNOMED CT code \u0027426396005\u0027 \u003d \u0027Cardiac chest pain\u0027, given as \u0027Cardiac chest pain\u0027})\u003c/span\u003e\u003c/td\u003e\u003c/tr\u003e\u003c/table\u003e\u003c/div\u003e"
  },
  "clinicalStatus": {
    "coding": [
      {
        "system": "http://terminology.hl7.org/CodeSystem/condition-clinical",
        "code": "active"
      }
    ]
  },
  "verificationStatus": {
    "coding": [
      {
        "system": "http://terminology.hl7.org/CodeSystem/condition-ver-status",
        "code": "confirmed"
      }
    ]
  },
  "category": [
    {
      "coding": [
        {
          "system": "http://snomed.info/sct",
          "code": "439401001",
          "display": "diagnosis"
        }
      ]
    }
  ],
  "severity": {
    "coding": [
      {
        "system": "http://snomed.info/sct",
        "code": "6736007",
        "display": "Moderate"
      }
    ]
  },
  "code": {
    "coding": [
      {
        "system": "http://snomed.info/sct",
        "code": "368009",
        "display": "Heart valve disorder"
      }
    ]
  },
  "bodySite": [
    {
      "coding": [
        {
          "system": "http://snomed.info/sct",
          "code": "40768004",
          "display": "Left thorax"
        }
      ],
      "text": "heart structure"
    }
  ],
  "subject": {
    "reference": "Patient/f001",
    "display": "P. van de Heuvel"
  },
  "encounter": {
    "reference": "Encounter/f001"
  },
  "onsetDateTime": "2011-08-05",
  "recordedDate": "2011-10-05",
  "asserter": {
    "reference": "Patient/f001",
    "display": "P. van de Heuvel"
  },
  "evidence": [
    {
      "code": [
        {
          "coding": [
            {
              "system": "http://snomed.info/sct",
              "code": "426396005",
              "display": "Cardiac chest pain"
            }
          ]
        }
      ]
    }
  ],
  "meta": {
    "tag": [
      {
        "system": "http://terminology.hl7.org/CodeSystem/v3-ActReason",
        "code": "HTEST",
        "display": "test health data"
      }
    ]
  }
}
2020-05-13 20:58:01.478  INFO 24438 --- [rmTransactions]] audit                                    : on the topic opsMgmt_PlatformTransactions
2020-05-13 20:58:01.478  INFO 24438 --- [rmTransactions]] audit                                    : with the offset 11
2020-05-13 20:58:01.479  INFO 24438 --- [rmTransactions]] audit                                    : with the key RecordHeaders(headers = [RecordHeader(key = accept, value = [42, 47, 42]), RecordHeader(key = accept-encoding, value = [103, 122, 105, 112, 44, 32, 100, 101, 102, 108, 97, 116, 101, 44, 32, 98, 114]), RecordHeader(key = auditdetails, value = [67, 111, 110, 100, 105, 116, 105, 111, 110, 32, 109, 101, 115, 115, 97, 103, 101, 32, 114, 101, 99, 101, 105, 118, 101, 100]), RecordHeader(key = breadcrumbId, value = [73, 68, 45, 77, 97, 99, 66, 111, 111, 107, 45, 80, 114, 111, 45, 49, 53, 56, 57, 52, 50, 49, 52, 51, 55, 57, 50, 48, 45, 48, 45, 53]), RecordHeader(key = component, value = [70, 72, 73, 82, 67, 111, 110, 100, 105, 116, 105, 111, 110]), RecordHeader(key = connection, value = [107, 101, 101, 112, 45, 97, 108, 105, 118, 101]), RecordHeader(key = content-length, value = [52, 52, 53, 57]), RecordHeader(key = Content-Type, value = [116, 101, 120, 116, 47, 112, 108, 97, 105, 110]), RecordHeader(key = exchangeID, value = [73, 68, 45, 77, 97, 99, 66, 111, 111, 107, 45, 80, 114, 111, 45, 49, 53, 56, 57, 52, 50, 49, 52, 51, 55, 57, 50, 48, 45, 48, 45, 53]), RecordHeader(key = host, value = [108, 111, 99, 97, 108, 104, 111, 115, 116, 58, 56, 48, 56, 48]), RecordHeader(key = industrystd, value = [70, 72, 73, 82]), RecordHeader(key = internalMsgID, value = [73, 68, 45, 77, 97, 99, 66, 111, 111, 107, 45, 80, 114, 111, 45, 49, 53, 56, 57, 52, 50, 49, 52, 51, 55, 57, 50, 48, 45, 48, 45, 54]), RecordHeader(key = messageprocesseddate, value = [50, 48, 50, 48, 45, 48, 53, 45, 49, 51]), RecordHeader(key = messageprocessedtime, value = [50, 48, 58, 53, 56, 58, 48, 49, 58, 52, 55, 53]), RecordHeader(key = messagetrigger, value = [67, 111, 110, 100, 105, 116, 105, 111, 110]), RecordHeader(key = postman-token, value = [55, 97, 56, 49, 52, 48, 98, 97, 45, 101, 52, 100, 97, 45, 52, 49, 55, 49, 45, 56, 102, 56, 56, 45, 49, 101, 48, 51, 98, 101, 50, 101, 48, 97, 99, 50]), RecordHeader(key = processingtype, value = [100, 97, 116, 97]), RecordHeader(key = processname, value = [73, 110, 112, 117, 116]), RecordHeader(key = user-agent, value = [80, 111, 115, 116, 109, 97, 110, 82, 117, 110, 116, 105, 109, 101, 47, 55, 46, 50, 52, 46, 49])], isReadOnly = false)
